1574240211085	mozrunner::runner	INFO	Running command: "C:\\Program Files\\Firefox Developer Edition\\firefox.exe" "-marionette" "-foreground" "-no-remote" "-profile" "C:\\Users\\suman\\AppData\\Local\\Temp\\rust_mozprofile4h4Ob0"
1574240212669	addons.webextension.screenshots@mozilla.org	WARN	Loading extension 'screenshots@mozilla.org': Reading manifest: Invalid extension permission: mozillaAddons
1574240212670	addons.webextension.screenshots@mozilla.org	WARN	Loading extension 'screenshots@mozilla.org': Reading manifest: Invalid extension permission: telemetry
1574240212670	addons.webextension.screenshots@mozilla.org	WARN	Loading extension 'screenshots@mozilla.org': Reading manifest: Invalid extension permission: resource://pdf.js/
1574240212670	addons.webextension.screenshots@mozilla.org	WARN	Loading extension 'screenshots@mozilla.org': Reading manifest: Invalid extension permission: about:reader*
JavaScript error: resource://gre/modules/XULStore.jsm, line 66: Error: Can't find profile directory.
1574240216965	Marionette	INFO	Listening on port 57988
1574240217331	Marionette	WARN	TLS certificate errors will be ignored for this session
[Parent 14580, Gecko_IOThread] WARNING: pipe error: 109: file z:/task_1574091069/build/src/ipc/chromium/src/chrome/common/ipc_channel_win.cc, line 341
[Parent 14580, Gecko_IOThread] WARNING: pipe error: 109: file z:/task_1574091069/build/src/ipc/chromium/src/chrome/common/ipc_channel_win.cc, line 341
[Child 8388, Chrome_ChildThread] WARNING: pipe error: 109: file z:/task_1574091069/build/src/ipc/chromium/src/chrome/common/ipc_channel_win.cc, line 341
[Child 8388, Ch[Child 11656, Chrome_ChildThread] WARNING: pipe error: 109: file z:/task_1574091069/build/src/ipc/chromium/src/chrome/common/ipc_channel_win.cc, line 341
[Child 11656, Chrome_ChildThread] WARNING: pipe error: 109: file z:/task_1574091069/build/src/[Parent 14580, Gecko_IOThread] WARNING: pipe error: 109: file z:/task_1574091069/build/src/ipc/chromium/src/chrome/common/ipc_channel_win.cc, line 341
[Child 14516, Chrome_ChildThread] WARNING: pipe error: 109: file z:/task_1574091069/build/src/ipc/chromium/src/chrome/common/ipc_channel_win.cc, line 341
[Child 14511574242508675	Marionette	INFO	Stopped listening on port 57988

###!!! [Child][RunMessage] Error: Channel closing: too late to send/recv, messages will be lost

[G
###!!! [Child][MessageChannel::SendAndWait] Error: Channel error: cannot send/recv

1574262571351	mozrunner::runner	INFO	Running command: "C:\\Program Files\\Firefox Developer Edition\\firefox.exe" "-marionette" "-foreground" "-no-remote" "-profile" "C:\\Users\\suman\\AppData\\Local\\Temp\\rust_mozprofileqr7JTL"
1574262572375	addons.webextension.screenshots@mozilla.org	WARN	Loading extension 'screenshots@mozilla.org': Reading manifest: Invalid extension permission: mozillaAddons
1574262572375	addons.webextension.screenshots@mozilla.org	WARN	Loading extension 'screenshots@mozilla.org': Reading manifest: Invalid extension permission: telemetry
1574262572376	addons.webextension.screenshots@mozilla.org	WARN	Loading extension 'screenshots@mozilla.org': Reading manifest: Invalid extension permission: resource://pdf.js/
1574262572376	addons.webextension.screenshots@mozilla.org	WARN	Loading extension 'screenshots@mozilla.org': Reading manifest: Invalid extension permission: about:reader*
JavaScript error: resource://gre/modules/XULStore.jsm, line 66: Error: Can't find profile directory.
1574262573969	Marionette	INFO	Listening on port 60566
1574262574463	Marionette	WARN	TLS certificate errors will be ignored for this session
[Parent 1000, Gecko_IOThread] WARNING: pipe error: 109: file z:/task_1574091069/build/src/ipc/chromium/src/chrome/common/ipc_channel_win.cc, line 341
[Parent 1000, Gecko_IOThread] WARNING: pipe error: 109: file z:/task_1574091069/build/src/ipc/chromium/src/chrome/common/ipc_channel_win.cc, line 341
[Parent 1000, Gecko_IOThread] WARNING: pipe error: 109: file z:/task_1574091069/build/src/ipc/chromium/src/chrome/common/ipc_channel_win.cc, line 341
[Child 11592, Chrome_ChildThread] WARNING: pipe error: 109: file z:/task_1574091069/build/src/ipc/chromium/src/chrome/common/ipc_channel_win.cc, line 341
[Child 11592, Chrome_Child[Parent 1000, Gecko_IOThread] WARNING: pipe error: 109: file z:/task_1574091069/build/src/ipc/chromium/src/chrome/common/ipc_channel_win.cc, line 341
[Child 18176, Chrome_ChildThread] WARNING: pipe error: 109: file z:/task_1574091069/build/src/ipc/chromium/src/chrome/common/ipc_channel_win.cc, line 341
[Child 18176, Chr1574262684612	Marionette	INFO	Stopped listening on port 60566
[GPU 5396,
###!!! [Child][RunMessage] Error: Channel closing: too late to send/recv, messages will be lost


###!!! [Child][MessageChannel::SendAndWait] Error: Channel error: cannot send/recv

1574262701828	mozrunner::runner	INFO	Running command: "C:\\Program Files\\Firefox Developer Edition\\firefox.exe" "-marionette" "-foreground" "-no-remote" "-profile" "C:\\Users\\suman\\AppData\\Local\\Temp\\rust_mozprofilePhTQs6"
1574262702182	addons.webextension.screenshots@mozilla.org	WARN	Loading extension 'screenshots@mozilla.org': Reading manifest: Invalid extension permission: mozillaAddons
1574262702182	addons.webextension.screenshots@mozilla.org	WARN	Loading extension 'screenshots@mozilla.org': Reading manifest: Invalid extension permission: telemetry
1574262702182	addons.webextension.screenshots@mozilla.org	WARN	Loading extension 'screenshots@mozilla.org': Reading manifest: Invalid extension permission: resource://pdf.js/
1574262702183	addons.webextension.screenshots@mozilla.org	WARN	Loading extension 'screenshots@mozilla.org': Reading manifest: Invalid extension permission: about:reader*
JavaScript error: resource://gre/modules/XULStore.jsm, line 66: Error: Can't find profile directory.
1574262703794	Marionette	INFO	Listening on port 60701
1574262703835	Marionette	WARN	TLS certificate errors will be ignored for this session
[Child 12856, Chrome_ChildThread] WARNING: pipe error: 109: file z:/task_1574091069/build/src/ipc/chromium/src/chrome/common/ipc_channel_win.cc, line 341
[Child 12856, Chrome_ChildThread] [Child 18324, Chrome_ChildThread] WARNING: pipe error: 109: file z:/task_1574091069/build/src/ipc/chromium/src/chrome/common/ipc_channel_win.cc, line 341
[Child 18324, Chrome_ChildThread] WAR[Parent 14216, Gecko_IOThread] WARNING: pipe error: 109: file z:/task_1574091069/build/src/ipc/chromium/src/chrome/common/ipc_channel_win.cc, line 341
[Child 11628, Chrome_ChildThread] WARNING: pipe error: 109: file z:/task_1574091069/build/src/ipc/chromium/src/chrome/common/ipc_channel_win.cc, line 341
[Child 11628, Ch1574262768771	Marionette	INFO	Stopped listening on port 60701

###!!! [Child][RunMessage] Error: Channel closing: too late to send/recv, messages will be lost

[GPU 9012, Chr
###!!! [Child][MessageChannel::SendAndWait] Error: Channel error: cannot send/recv

1574262841529	mozrunner::runner	INFO	Running command: "C:\\Program Files\\Firefox Developer Edition\\firefox.exe" "-marionette" "-foreground" "-no-remote" "-profile" "C:\\Users\\suman\\AppData\\Local\\Temp\\rust_mozprofile3UPGe3"
1574262841859	addons.webextension.screenshots@mozilla.org	WARN	Loading extension 'screenshots@mozilla.org': Reading manifest: Invalid extension permission: mozillaAddons
1574262841860	addons.webextension.screenshots@mozilla.org	WARN	Loading extension 'screenshots@mozilla.org': Reading manifest: Invalid extension permission: telemetry
1574262841860	addons.webextension.screenshots@mozilla.org	WARN	Loading extension 'screenshots@mozilla.org': Reading manifest: Invalid extension permission: resource://pdf.js/
1574262841860	addons.webextension.screenshots@mozilla.org	WARN	Loading extension 'screenshots@mozilla.org': Reading manifest: Invalid extension permission: about:reader*
JavaScript error: resource://gre/modules/XULStore.jsm, line 66: Error: Can't find profile directory.
1574262843271	Marionette	INFO	Listening on port 60894
1574262843538	Marionette	WARN	TLS certificate errors will be ignored for this session
[Child 17888, Chrome_ChildThread] WARNING: pipe error: 109: file z:/task_1574091069/build/src/ipc/chromium/src/chrome/common/ipc_channel_win.cc, line 341
[Child 17888, Chrome_ChildThread] [Parent 9664, Gecko_IOThread] WARNING: pipe error: 109: file z:/task_1574091069/build/src/ipc/chromium/src/chrome/common/ipc_channel_win.cc, line 341
[Child 15780, Chrome_ChildThread] WARNING: pipe error: 109: file z:/task_1574091069/build/src/ipc/chromium/src/chrome/common/ipc_channel_win.cc, line 341
[Child 15780[Parent 9664, Gecko_IOThread] WARNING: pipe error: 109: file z:/task_1574091069/build/src/ipc/chromium/src/chrome/common/ipc_channel_win.cc, line 341
[Child 11820, Chrome_ChildThread] WARNING: pipe error: 109: file z:/task_1574091069/build/src/ipc/chromium/src/chrome/common/ipc_channel_win.cc, line 341
[Child 11820, Chrome_ChildThre1574262944251	Marionette	INFO	Stopped listening on port 60894
[GP
###!!! [Child][RunMessage] Error: Channel closing: too late to send/recv, messages will be lost

U 
###!!! [Child][MessageChannel::SendAndWait] Error: Channel error: cannot send/recv

1574263005419	mozrunner::runner	INFO	Running command: "C:\\Program Files\\Firefox Developer Edition\\firefox.exe" "-marionette" "-foreground" "-no-remote" "-profile" "C:\\Users\\suman\\AppData\\Local\\Temp\\rust_mozprofileG5i7KX"
1574263005747	addons.webextension.screenshots@mozilla.org	WARN	Loading extension 'screenshots@mozilla.org': Reading manifest: Invalid extension permission: mozillaAddons
1574263005747	addons.webextension.screenshots@mozilla.org	WARN	Loading extension 'screenshots@mozilla.org': Reading manifest: Invalid extension permission: telemetry
1574263005747	addons.webextension.screenshots@mozilla.org	WARN	Loading extension 'screenshots@mozilla.org': Reading manifest: Invalid extension permission: resource://pdf.js/
1574263005747	addons.webextension.screenshots@mozilla.org	WARN	Loading extension 'screenshots@mozilla.org': Reading manifest: Invalid extension permission: about:reader*
JavaScript error: resource://gre/modules/XULStore.jsm, line 66: Error: Can't find profile directory.
1574263007267	Marionette	INFO	Listening on port 61071
1574263007426	Marionette	WARN	TLS certificate errors will be ignored for this session
[Parent 10552, Gecko_IOThread] WARNING: pipe error: 109: file z:/task_1574091069/build/src/ipc/chromium/src/chrome/common/ipc_channel_win.cc, line 341
JavaScript error: https://d2guulkeunn7d8.cloudfront.net/assets/store.webpack_bundle-162640fe8096d5e1412a.js, line 1: Error: Loading chunk 328 failed.
(error: https://d2guulkeunn7d8.cloudfront.net/assets/328-94f2e39273bc3cbf6fc9.webpack_chunk.js)
JavaScript error: https://d2guulkeunn7d8.cloudfront.net/assets/store.webpack_bundle-162640fe8096d5e1412a.js, line 1: Error: Loading chunk 328 failed.
(error: https://d2guulkeunn7d8.cloudfront.net/assets/328-94f2e39273bc3cbf6fc9.webpack_chunk.js)
JavaScript error: https://d2guulkeunn7d8.cloudfront.net/assets/store.webpack_bundle-162640fe8096d5e1412a.js, line 1: Error: Loading chunk 328 failed.
(error: https://d2guulkeunn7d8.cloudfront.net/assets/328-94f2e39273bc3cbf6fc9.webpack_chunk.js)
JavaScript error: https://d2guulkeunn7d8.cloudfront.net/assets/store.webpack_bundle-162640fe8096d5e1412a.js, line 1: Error: Loading chunk 6 failed.
(error: https://d2guulkeunn7d8.cloudfront.net/assets/phrases6-a16b9b4abea14ef0d67d.webpack_chunk.js)
JavaScript error: , line 0: TypeError: NetworkError when attempting to fetch resource.
[Parent 10552, Gecko_IOThread] WARNING: pipe error: 109: file z:/task_1574091069/build/src/ipc/chromium/src/chrome/common/ipc_channel_win.cc, line 341
JavaScript error: chrome://marionette/content/proxy.js, line 222: TypeError: this.browser.driver.dialogObserver is null
[Parent 10552, Gecko_IOThread] WARNING: pipe error: 109: file z:/task_1574091069/build/src/ipc/chromium/src/chrome/common/ipc_channel_win.cc, line 341
JavaScript error: chrome://marionette/content/proxy.js, line 222: TypeError: this.browser.driver.dialogObserver is null
[Parent 10552, Gecko_IOThread] WARNING: pipe error: 109: file z:/task_1574091069/build/src/ipc/chromium/src/chrome/common/ipc_channel_win.cc, line 341
[Parent 10552, Gecko_IOThread] WARNING: pipe error: 109: file z:/task_1574091069/build/src/ipc/chromium/src/chrome/common/ipc_channel_win.cc, line 341
[Child 4480, Chrome_ChildThread] WARNING: pipe error: 109: file z:/task_1574091069/build/src/ipc/chromium/src/chrome/common/ipc_channel_win.cc, line 341
[Child 4480, Chrome_Child[CThild 265h2, Crhrome_ChildThread] WARNING: pipe error: 109: file z:/task_1574091069/build/src/ipc/chromium/src/chrome/common/ipc_channel_win.cc, line 341
[Child 2652, Chrome_[Parent 10552, Gecko_IOThread] WARNING: pipe error: 109: file z:/task_1574091069/build/src/ipc/chromium/src/chrome/common/ipc_channel_win.cc, line 341
[Child 16536, Chrome_ChildThread] WARNING: pipe error: 109: file z:/task_1574091069/build/src/ipc/chromium/src/chrome/common/ipc_channel_win.cc, line 341
[Child 16536, Chrome1574263125249	Marionette	INFO	Stopped listening on port 61071
[GPU 18188, Chrome_C
###!!! [Child][RunMessage] Error: Channel closing: too late to send/recv, messages will be lost


###!!! [Child][MessageChannel::SendAndWait] Error: Channel error: cannot send/recv

1574263636551	mozrunner::runner	INFO	Running command: "C:\\Program Files\\Firefox Developer Edition\\firefox.exe" "-marionette" "-foreground" "-no-remote" "-profile" "C:\\Users\\suman\\AppData\\Local\\Temp\\rust_mozprofileXUi5Ct"
1574263636870	addons.webextension.screenshots@mozilla.org	WARN	Loading extension 'screenshots@mozilla.org': Reading manifest: Invalid extension permission: mozillaAddons
1574263636870	addons.webextension.screenshots@mozilla.org	WARN	Loading extension 'screenshots@mozilla.org': Reading manifest: Invalid extension permission: telemetry
1574263636870	addons.webextension.screenshots@mozilla.org	WARN	Loading extension 'screenshots@mozilla.org': Reading manifest: Invalid extension permission: resource://pdf.js/
1574263636870	addons.webextension.screenshots@mozilla.org	WARN	Loading extension 'screenshots@mozilla.org': Reading manifest: Invalid extension permission: about:reader*
JavaScript error: resource://gre/modules/XULStore.jsm, line 66: Error: Can't find profile directory.
1574263638333	Marionette	INFO	Listening on port 61487
1574263638560	Marionette	WARN	TLS certificate errors will be ignored for this session
JavaScript error: , line 0: TypeError: NetworkError when attempting to fetch resource.
JavaScript error: , line 0: TypeError: NetworkError when attempting to fetch resource.
[Parent 14808, Gecko_IOThread] WARNING: pipe error: 109: file z:/task_1574091069/build/src/ipc/chromium/src/chrome/common/ipc_channel_win.cc, line 341
[Parent 14808, Gecko_IOThread] WARNING: pipe error: 109: file z:/task_1574091069/build/src/ipc/chromium/src/chrome/common/ipc_channel_win.cc, line 341
[Parent 14808, Gecko_IOThread] WARNING: pipe error: 109: file z:/task_1574091069/build/src/ipc/chromium/src/chrome/common/ipc_channel_win.cc, line 341
JavaScript error: , line 0: AbortError: The operation was aborted. 
[Parent 14808, Gecko_IOThread] WARNING: pipe error: 109: file z:/task_1574091069/build/src/ipc/chromium/src/chrome/common/ipc_channel_win.cc, line 341
[Parent 14808, Gecko_IOThread] WARNING: pipe error: 109: file z:/task_1574091069/build/src/ipc/chromium/src/chrome/common/ipc_channel_win.cc, line 341
[Parent 14808, Gecko_IOThread] WARNING: pipe error: 109: file z:/task_1574091069/build/src/ipc/chromium/src/chrome/common/ipc_channel_win.cc, line 341
[Parent 14808, Gecko_IOThread] WARNING: pipe error: 109: file z:/task_1574091069/build/src/ipc/chromium/src/chrome/common/ipc_channel_win.cc, line 341
[Parent 14808, Gecko_IOThread] WARNING: pipe error: 109: file z:/task_1574091069/build/src/ipc/chromium/src/chrome/common/ipc_channel_win.cc, line 341
[Parent 14808, Gecko_IOThread] WARNING: pipe error: 109: file z:/task_1574091069/build/src/ipc/chromium/src/chrome/common/ipc_channel_win.cc, line 341
[Parent 14808, Gecko_IOThread] WARNING: pipe error: 109: file z:/task_1574091069/build/src/ipc/chromium/src/chrome/common/ipc_channel_win.cc, line 341
[Child 17776, Chrome_ChildThread] WARNING: pipe error: 109: file z:/task_1574091069/build/src/ipc/chromium/src/chrome/common/ipc_channel_win.cc, line 341
[Parent 14808, Gecko_IOThread] WARNING: pipe error: 109: file z:/task_1574091069/build/src/ipc/chromium/src/chrome/common/ipc_channel_win.cc, line 341
[Child 948, Chrome_ChildThread] WARNING: pipe error: 109: file z:/task_1574091069/build/src/ipc/chromium/src/chrome/common/ipc_channel_win.cc, line 341
[Child 948, Chrome_ChildThr[Parent 14808, Gecko_IOThread] WARNING: pipe error: 109: file z:/task_1574091069/build/src/ipc/chromium/src/chrome/common/ipc_channel_win.cc, line 341
[Child 17076, Chrome_ChildThread] WARNING: pipe error: 109: file z:/task_1574091069/build/src/ipc/chromium/src/chrome/common/ipc_channel_win.cc, line 341
[Child 1701574266232703	Marionette	INFO	Stopped listening on port 61487

###!!! [Child][RunMessage] Error: Channel closing: too late to send/recv, messages will be lost

[GPU 10016, Chrome_ChildThread] WARNING: pipe error: 109: file z:/task_1574091069/build/src/ipc/chromium/
###!!! [Child][MessageChannel::SendAndWait] Error: Channel error: cannot send/recv

1574311061182	mozrunner::runner	INFO	Running command: "C:\\Program Files\\Firefox Developer Edition\\firefox.exe" "-marionette" "-foreground" "-no-remote" "-profile" "C:\\Users\\suman\\AppData\\Local\\Temp\\rust_mozprofileQ7wjpT"
1574311062799	addons.webextension.screenshots@mozilla.org	WARN	Loading extension 'screenshots@mozilla.org': Reading manifest: Invalid extension permission: mozillaAddons
1574311062800	addons.webextension.screenshots@mozilla.org	WARN	Loading extension 'screenshots@mozilla.org': Reading manifest: Invalid extension permission: telemetry
1574311062800	addons.webextension.screenshots@mozilla.org	WARN	Loading extension 'screenshots@mozilla.org': Reading manifest: Invalid extension permission: resource://pdf.js/
1574311062800	addons.webextension.screenshots@mozilla.org	WARN	Loading extension 'screenshots@mozilla.org': Reading manifest: Invalid extension permission: about:reader*
JavaScript error: resource://gre/modules/XULStore.jsm, line 66: Error: Can't find profile directory.
1574311065772	Marionette	INFO	Listening on port 58783
1574311065906	Marionette	WARN	TLS certificate errors will be ignored for this session
[Parent 10752, Gecko_IOThread] WARNING: pipe error: 109: file z:/task_1574091069/build/src/ipc/chromium/src/chrome/common/ipc_channel_win.cc, line 341
[Child 15840, Chrome_ChildThread] WARNING: pipe error: 109: file z:/task_1574091069/build/src/ipc/chromium/src/chrome/common/ipc_channel_win.cc, line 341
[Child 15840, Chrome_ChildThread] WARNING: pipe error: 109: file z:/task_1574091069/build/src/ipc/chromium/src/chrome/IPDL protocol error: Handler returned error code!

###!!! [Parent][DispatchAsyncMessage] Error: PLayerTransaction::Msg_ReleaseLayer Processing error: message was deserialized, but the handler returned false (indicating failure)

IPDL protocol error: Handler returned error code!

###!!! [Parent][DispatchAsyncMessage] Error: PLayerTransaction::Msg_ReleaseLayer Processing error: message was deserialized, but the handler returned false (indicating failure)

IPDL protocol error: Handler returned error code!

###!!! [Parent][DispatchAsyncMessage] Error: PLayerTransaction::Msg_ReleaseLayer Processing error: message was deserialized, but the handler returned false (indicating failure)

IPDL protocol error: Handler returned error code!

###!!! [Parent][DispatchAsyncMessage] Error: PLayerTransaction::Msg_ReleaseLayer Processing error: message was deserialized, but the handler returned false (indicating failure)

IPDL protocol error: Handler returned error code!

###!!! [Parent][DispatchAsyncMessage] Error: PLayerTransaction::Msg_ReleaseLayer Processing error: message was deserialized, but the handler returned false (indicating failure)

IPDL protocol error: Handler returned error code!

###!!! [Parent][DispatchAsyncMessage] Error: PLayerTransaction::Msg_ReleaseLayer Processing error: message was deserialized, but the handler returned false (indicating failure)

IPDL protocol error: Handler returned error code!

###!!! [Parent][DispatchAsyncMessage] Error: PLayerTransaction::Msg_ReleaseLayer Processing error: message was deserialized, but the handler returned false (indicating failure)

IPDL protocol error: Handler returned error code!

###!!! [Parent][DispatchAsyncMessage] Error: PLayerTransaction::Msg_ReleaseLayer Processing error: message was deserialized, but the handler returned false (indicating failure)

IPDL protocol error: Handler returned error code!

###!!! [Parent][DispatchAsyncMessage] Error: PLayerTransaction::Msg_ReleaseLayer Processing error: message was deserialized, but the handler returned false (indicating failure)

IPDL protocol error: Handler returned error code!

###!!! [Parent][DispatchAsyncMessage] Error: PLayerTransaction::Msg_ReleaseLayer Processing error: message was deserialized, but the handler returned false (indicating failure)

IPDL protocol error: Handler returned error code!

###!!! [Parent][DispatchAsyncMessage] Error: PLayerTransaction::Msg_ReleaseLayer Processing error: message was deserialized, but the handler returned false (indicating failure)

IPDL protocol error: Handler returned error code!

###!!! [Parent][DispatchAsyncMessage] Error: PLayerTransaction::Msg_ReleaseLayer Processing error: message was deserialized, but the handler returned false (indicating failure)

IPDL protocol error: Handler returned error code!

###!!! [Parent][DispatchAsyncMessage] Error: PLayerTransaction::Msg_ReleaseLayer Processing error: message was deserialized, but the handler returned false (indicating failure)

IPDL protocol error: Handler returned error code!

###!!! [Parent][DispatchAsyncMessage] Error: PLayerTransaction::Msg_ReleaseLayer Processing error: message was deserialized, but the handler returned false (indicating failure)

[Parent 10752, Gecko_IOThread] WARNING: pipe error: 109: file z:/task_1574091069/build/src/ipc/chromium/src/chrome/common/ipc_channel_win.cc, line 341
[Child 4720, Chrome_ChildThread] WARNING: pipe error: 109: file z:/task_1574091069/build/src/ipc/chromium/src/chrome/common/ipc_channel_win.cc, line 341
[Child 4720, Chrome_[Parent 10752, Gecko_IOThread] WARNING: pipe error: 109: file z:/task_1574091069/build/src/ipc/chromium/src/chrome/common/ipc_channel_win.cc, line 341
[Child 11000, Chrome_ChildThread] WARNING: pipe error: 109: file z:/task_1574091069/build/src/ipc/chromium/src/chrome/common/ipc_channel_win.cc, line 341
[Child 11000, Chr1574311139447	Marionette	INFO	Stopped listening on port 58783
[G
###!!! [Child][MessageChannel::SendAndWait] Error: Channel error: cannot send/recv

1574311151316	mozrunner::runner	INFO	Running command: "C:\\Program Files\\Firefox Developer Edition\\firefox.exe" "-marionette" "-foreground" "-no-remote" "-profile" "C:\\Users\\suman\\AppData\\Local\\Temp\\rust_mozprofilewf03fJ"
1574311152265	addons.webextension.screenshots@mozilla.org	WARN	Loading extension 'screenshots@mozilla.org': Reading manifest: Invalid extension permission: mozillaAddons
1574311152266	addons.webextension.screenshots@mozilla.org	WARN	Loading extension 'screenshots@mozilla.org': Reading manifest: Invalid extension permission: telemetry
1574311152266	addons.webextension.screenshots@mozilla.org	WARN	Loading extension 'screenshots@mozilla.org': Reading manifest: Invalid extension permission: resource://pdf.js/
1574311152266	addons.webextension.screenshots@mozilla.org	WARN	Loading extension 'screenshots@mozilla.org': Reading manifest: Invalid extension permission: about:reader*
JavaScript error: resource://gre/modules/XULStore.jsm, line 66: Error: Can't find profile directory.
1574311155064	Marionette	INFO	Listening on port 58937
1574311155464	Marionette	WARN	TLS certificate errors will be ignored for this session
[Parent 6076, Gecko_IOThread] WARNING: pipe error: 109: file z:/task_1574091069/build/src/ipc/chromium/src/chrome/common/ipc_channel_win.cc, line 341
[Parent 6076, Gecko_IOThread] WARNING: pipe error: 109: file z:/task_1574091069/build/src/ipc/chromium/src/chrome/common/ipc_channel_win.cc, line 341
[Parent 6076, Gecko_IOThread] WARNING: pipe error: 109: file z:/task_1574091069/build/src/ipc/chromium/src/chrome/common/ipc_channel_win.cc, line 341
[Parent 6076, Gecko_IOThread] WARNING: pipe error: 109: file z:/task_1574091069/build/src/ipc/chromium/src/chrome/common/ipc_channel_win.cc, line 341
JavaScript error: https://d2guulkeunn7d8.cloudfront.net/assets/store.webpack_bundle-49a6661952297ffa9be1.js, line 1: Error: Loading chunk 328 failed.
(error: https://d2guulkeunn7d8.cloudfront.net/assets/328-94f2e39273bc3cbf6fc9.webpack_chunk.js)
JavaScript error: https://d2guulkeunn7d8.cloudfront.net/assets/store.webpack_bundle-49a6661952297ffa9be1.js, line 1: Error: Loading chunk 328 failed.
(error: https://d2guulkeunn7d8.cloudfront.net/assets/328-94f2e39273bc3cbf6fc9.webpack_chunk.js)
JavaScript error: https://d2guulkeunn7d8.cloudfront.net/assets/store.webpack_bundle-49a6661952297ffa9be1.js, line 1: Error: Loading chunk 328 failed.
(error: https://d2guulkeunn7d8.cloudfront.net/assets/328-94f2e39273bc3cbf6fc9.webpack_chunk.js)
JavaScript error: https://d2guulkeunn7d8.cloudfront.net/assets/store.webpack_bundle-49a6661952297ffa9be1.js, line 1: Error: Loading chunk 6 failed.
(error: https://d2guulkeunn7d8.cloudfront.net/assets/phrases6-a16b9b4abea14ef0d67d.webpack_chunk.js)
JavaScript error: , line 0: TypeError: NetworkError when attempting to fetch resource.
[Parent 6076, Gecko_IOThread] WARNING: pipe error: 109: file z:/task_1574091069/build/src/ipc/chromium/src/chrome/common/ipc_channel_win.cc, line 341
JavaScript error: https://d2guulkeunn7d8.cloudfront.net/assets/store.webpack_bundle-49a6661952297ffa9be1.js, line 1: Error: Loading chunk 328 failed.
(error: https://d2guulkeunn7d8.cloudfront.net/assets/328-94f2e39273bc3cbf6fc9.webpack_chunk.js)
JavaScript error: https://d2guulkeunn7d8.cloudfront.net/assets/store.webpack_bundle-49a6661952297ffa9be1.js, line 1: Error: Loading chunk 328 failed.
(error: https://d2guulkeunn7d8.cloudfront.net/assets/328-94f2e39273bc3cbf6fc9.webpack_chunk.js)
JavaScript error: https://d2guulkeunn7d8.cloudfront.net/assets/store.webpack_bundle-49a6661952297ffa9be1.js, line 1: Error: Loading chunk 328 failed.
(error: https://d2guulkeunn7d8.cloudfront.net/assets/328-94f2e39273bc3cbf6fc9.webpack_chunk.js)
JavaScript error: , line 0: TypeError: NetworkError when attempting to fetch resource.
JavaScript error: https://d2guulkeunn7d8.cloudfront.net/assets/store.webpack_bundle-49a6661952297ffa9be1.js, line 1: Error: Loading chunk 6 failed.
(error: https://d2guulkeunn7d8.cloudfront.net/assets/phrases6-a16b9b4abea14ef0d67d.webpack_chunk.js)
[Parent 6076, Gecko_IOThread] WARNING: pipe error: 109: file z:/task_1574091069/build/src/ipc/chromium/src/chrome/common/ipc_channel_win.cc, line 341
JavaScript error: https://d2guulkeunn7d8.cloudfront.net/assets/store.webpack_bundle-49a6661952297ffa9be1.js, line 1: Error: Loading chunk 328 failed.
(error: https://d2guulkeunn7d8.cloudfront.net/assets/328-94f2e39273bc3cbf6fc9.webpack_chunk.js)
JavaScript error: https://d2guulkeunn7d8.cloudfront.net/assets/store.webpack_bundle-49a6661952297ffa9be1.js, line 1: Error: Loading chunk 328 failed.
(error: https://d2guulkeunn7d8.cloudfront.net/assets/328-94f2e39273bc3cbf6fc9.webpack_chunk.js)
JavaScript error: https://d2guulkeunn7d8.cloudfront.net/assets/store.webpack_bundle-49a6661952297ffa9be1.js, line 1: Error: Loading chunk 328 failed.
(error: https://d2guulkeunn7d8.cloudfront.net/assets/328-94f2e39273bc3cbf6fc9.webpack_chunk.js)
JavaScript error: https://d2guulkeunn7d8.cloudfront.net/assets/store.webpack_bundle-49a6661952297ffa9be1.js, line 1: Error: Loading chunk 6 failed.
(error: https://d2guulkeunn7d8.cloudfront.net/assets/phrases6-a16b9b4abea14ef0d67d.webpack_chunk.js)
JavaScript error: , line 0: TypeError: NetworkError when attempting to fetch resource.
[Parent 6076, Gecko_IOThread] WARNING: pipe error: 109: file z:/task_1574091069/build/src/ipc/chromium/src/chrome/common/ipc_channel_win.cc, line 341
JavaScript error: https://d2guulkeunn7d8.cloudfront.net/assets/store.webpack_bundle-49a6661952297ffa9be1.js, line 1: Error: Loading chunk 328 failed.
(error: https://d2guulkeunn7d8.cloudfront.net/assets/328-94f2e39273bc3cbf6fc9.webpack_chunk.js)
JavaScript error: https://d2guulkeunn7d8.cloudfront.net/assets/store.webpack_bundle-49a6661952297ffa9be1.js, line 1: Error: Loading chunk 328 failed.
(error: https://d2guulkeunn7d8.cloudfront.net/assets/328-94f2e39273bc3cbf6fc9.webpack_chunk.js)
JavaScript error: https://d2guulkeunn7d8.cloudfront.net/assets/store.webpack_bundle-49a6661952297ffa9be1.js, line 1: Error: Loading chunk 328 failed.
(error: https://d2guulkeunn7d8.cloudfront.net/assets/328-94f2e39273bc3cbf6fc9.webpack_chunk.js)
JavaScript error: https://d2guulkeunn7d8.cloudfront.net/assets/store.webpack_bundle-49a6661952297ffa9be1.js, line 1: Error: Loading chunk 6 failed.
(error: https://d2guulkeunn7d8.cloudfront.net/assets/phrases6-a16b9b4abea14ef0d67d.webpack_chunk.js)
JavaScript error: , line 0: TypeError: NetworkError when attempting to fetch resource.
[Parent 6076, Gecko_IOThread] WARNING: pipe error: 109: file z:/task_1574091069/build/src/ipc/chromium/src/chrome/common/ipc_channel_win.cc, line 341
JavaScript error: , line 0: uncaught exception: undefined
[Parent 6076, Gecko_IOThread] WARNING: pipe error: 109: file z:/task_1574091069/build/src/ipc/chromium/src/chrome/common/ipc_channel_win.cc, line 341
[Parent 6076, Gecko_IOThread] WARNING: pipe error: 109: file z:/task_1574091069/build/src/ipc/chromium/src/chrome/common/ipc_channel_win.cc, line 341
[Child 17556, Chrome_ChildThread] WARNING: pipe error: 109: file z:/task_1574091069/build/src/ipc/chromium/src/chrome/common/ipc_channel_win.cc, line 341
[Child 175[Child 2060, Chrome_ChildThread] WARNING: pipe error: 232: file z:/task_1574091069/build/src/ipc/chromium/src/chrome/common/ipc_channel_win.cc, line 502
[Child 2060, Chrome_ChildThread] WARNING: pipe error: 109: file z:/task_1574091069/build/src/ipc/chromium/src/chrome/common/ipc_channel_win.cc, line 341
[Parent 6076, Gecko_IOThread] WARNING: pipe error: 109: file z:/task_1574091069/build/src/ipc/chromium/src/chrome/common/ipc_channel_win.cc, line 341
1574311291264	Marionette	INFO	Stopped listening on port 58937

###!!! [Child][RunMessage] Error: Channel closing: too late to send/recv, messages will be lost

[GPU 9
###!!! [Child][MessageChannel::SendAndWait] Error: Channel error: cannot send/recv

1574321873085	mozrunner::runner	INFO	Running command: "C:\\Program Files\\Firefox Developer Edition\\firefox.exe" "-marionette" "-foreground" "-no-remote" "-profile" "C:\\Users\\suman\\AppData\\Local\\Temp\\rust_mozprofile3Q2gvX"
1574321873406	addons.webextension.screenshots@mozilla.org	WARN	Loading extension 'screenshots@mozilla.org': Reading manifest: Invalid extension permission: mozillaAddons
1574321873406	addons.webextension.screenshots@mozilla.org	WARN	Loading extension 'screenshots@mozilla.org': Reading manifest: Invalid extension permission: telemetry
1574321873406	addons.webextension.screenshots@mozilla.org	WARN	Loading extension 'screenshots@mozilla.org': Reading manifest: Invalid extension permission: resource://pdf.js/
1574321873406	addons.webextension.screenshots@mozilla.org	WARN	Loading extension 'screenshots@mozilla.org': Reading manifest: Invalid extension permission: about:reader*
JavaScript error: resource://gre/modules/XULStore.jsm, line 66: Error: Can't find profile directory.
1574321874907	Marionette	INFO	Listening on port 60357
1574321875091	Marionette	WARN	TLS certificate errors will be ignored for this session
1574321879856	Marionette	INFO	Stopped listening on port 60357
[Child 2508, Chrome_ChildThread] WARNING: pipe error: 109: file z:/task_1574091069/build/src/ipc/chromium/src/chrome/common/ipc_channel_win.cc, line 341
[Child 2508, Chro[Child 16676, Chrome_ChildThread] WARNING: pipe error: 109: file z:/task_1574091069/build/src/ipc/chromium/src/chrome/common/ipc_channel_win.cc, line 341
[Child 16676, Chrome_ChildThread] WARNING: pipe error: 109: file z:/task_1574091069/build/src/ipc/chromium/src/chrome/common/ipc_channel_win.cc, line 341
[Parent 4672, Gecko_IOThread] WARNING: pipe error: 109: file z:/task_1574091069/build/src/ipc/chromium/src/chrome/common/ipc_channel_win.cc, line 341
[Child 14488, Chrome_ChildThread] WARNING: pipe error: 109: file z:/task_1574091069/build/src/ipc/chromium/src/chrome/common/ipc_channel_win.cc, line 341
[Child 14488, Chrome_ChildTh
###!!! [Child][RunMessage] Error: Channel closing: too late to send/recv, messages will be lost

[GPU 14508
###!!! [Child][MessageChannel::SendAndWait] Error: Channel error: cannot send/recv

1574322115470	mozrunner::runner	INFO	Running command: "C:\\Program Files\\Firefox Developer Edition\\firefox.exe" "-marionette" "-foreground" "-no-remote" "-profile" "C:\\Users\\suman\\AppData\\Local\\Temp\\rust_mozprofilerrB5Fp"
1574322115834	addons.webextension.screenshots@mozilla.org	WARN	Loading extension 'screenshots@mozilla.org': Reading manifest: Invalid extension permission: mozillaAddons
1574322115834	addons.webextension.screenshots@mozilla.org	WARN	Loading extension 'screenshots@mozilla.org': Reading manifest: Invalid extension permission: telemetry
1574322115834	addons.webextension.screenshots@mozilla.org	WARN	Loading extension 'screenshots@mozilla.org': Reading manifest: Invalid extension permission: resource://pdf.js/
1574322115834	addons.webextension.screenshots@mozilla.org	WARN	Loading extension 'screenshots@mozilla.org': Reading manifest: Invalid extension permission: about:reader*
JavaScript error: resource://gre/modules/XULStore.jsm, line 66: Error: Can't find profile directory.
1574322117345	Marionette	INFO	Listening on port 60468
1574322117479	Marionette	WARN	TLS certificate errors will be ignored for this session
1574322122595	Marionette	INFO	Stopped listening on port 60468
[Parent 15044, Gecko_IOThread] WARNING: pipe error: 109: file z:/task_1574091069/build/src/ipc/chromium/src/chrome/common/ipc_channel_win.cc, line 341
[Child 11132, Chrome_ChildThread] WARNING: pipe error: 109: file z:/task_1574091069/build/src/ipc/chromium/src/chrome/common/ipc_channel_win.cc, line 341
[Child 11132, ChIPDL protocol error: Handler returned error code!

###!!! [Parent][DispatchAsyncMessage] Error: PLayerTransaction::Msg_ReleaseLayer Processing error: message was deserialized, but the handler returned false (indicating failure)

[Child 14860, Chrome_Ch
###!!! [Child][MessageChannel] Error: (msgtype=0x660029,name=PNecko::Msg_RemoveRequestContext) Channel closing: too late to send/recv, messages will be lost

ildThr
###!!! [Child][RunMessage] Error: Channel closing: too late to send/recv, messages will be lost

ead
###!!! [Child][RunMessage] Error: Channel closing: too late to send/recv, messages will be lost

] WARNING: pipe error: 109:
###!!! [Child][RunMessage] Error: Channel closing: too late to send/recv, messages will be lost

 file z:/task_
###!!! [Child][RunMessage] Error: Channel closing: too late to send/recv, messages will be lost

15740
###!!! [Child][RunMessage] Error: Channel closing: too late to send/recv, messages will be lost

91069/bu
###!!! [Child][RunMessage] Error: Channel closing: too late to send/recv, messages will be lost

il
###!!! [Child][RunMessage] Error: Channel closing: too late to send/recv, messages will be lost

d/src/ipc/chromium/src/c
###!!! [Child][RunMessage] Error: Channel closing: too late to send/recv, messages will be lost

hrome/common/ipc_channel_win.cc, line 341
###!!! [Child][RunMessage] Error: Channel closing: too late to send/recv, messages will be lost



###!!! [Child][RunMessage] Error: Channel closing: too late to send/recv, messages will be lost


###!!! [Child][RunMessage] Error: Channel closing: too late to send/recv, messages will be lost


###!!! [Child][MessageChannel] Error: (msgtype=0x37011E,name=PContent::Msg_ScriptError) Channel closing: too late to send/recv, messages will be lost

[Child 14
###!!! [Child][RunMessage] Error: Channel closing: too late to send/recv, messages will be lost

860, Chrome_ChildThread] WARNING: pipe error: 109: file z:/task_1574091069/build/src/ipc/chromium/src/chrome/common/ipc_channel_win.cc, line 341

###!!! [Child][RunMessage] Error: Channel closing: too late to send/recv, messages will be lost

[Parent 15044, Gecko_IOThread] WARNING: pipe error: 109: file z:/task_1574091069/build/src/ipc/chromium/src/chrome/common/ipc_channel_win.cc, line 341
[Child 10532, Chrome_ChildThread] WARNING: pipe error: 109: file z:/task_1574091069/build/src/ipc/chromium/src/chrome/common/ipc_channel_win.cc, line 341
[Child 10532, Chrome_[
###!!! [Child][MessageChannel::SendAndWait] Error: Channel error: cannot send/recv

1574322151322	mozrunner::runner	INFO	Running command: "C:\\Program Files\\Firefox Developer Edition\\firefox.exe" "-marionette" "-foreground" "-no-remote" "-profile" "C:\\Users\\suman\\AppData\\Local\\Temp\\rust_mozprofilegcHSmd"
1574322151666	addons.webextension.screenshots@mozilla.org	WARN	Loading extension 'screenshots@mozilla.org': Reading manifest: Invalid extension permission: mozillaAddons
1574322151667	addons.webextension.screenshots@mozilla.org	WARN	Loading extension 'screenshots@mozilla.org': Reading manifest: Invalid extension permission: telemetry
1574322151667	addons.webextension.screenshots@mozilla.org	WARN	Loading extension 'screenshots@mozilla.org': Reading manifest: Invalid extension permission: resource://pdf.js/
1574322151667	addons.webextension.screenshots@mozilla.org	WARN	Loading extension 'screenshots@mozilla.org': Reading manifest: Invalid extension permission: about:reader*
JavaScript error: resource://gre/modules/XULStore.jsm, line 66: Error: Can't find profile directory.
1574322153025	Marionette	INFO	Listening on port 60554
1574322153329	Marionette	WARN	TLS certificate errors will be ignored for this session
1574322157492	Marionette	INFO	Stopped listening on port 60554
[Child 11268, Chrome_ChildThread] WARNING: pipe error: 109: file z:/task_1574091069/build/src/ipc/chromium/src/chrome/common/ipc_channel_win.cc, line 341
[Child 11268, Ch[Child 8692, Chrome_ChildThread] WARNING: pipe error: 232: file z:/task_1574091069/build/src/ipc/chromium/src/chrome/common/ipc_channel_win.cc, line 502
[Child 8692, Chrome_ChildThread] WARNING: pipe error: 109: file z:/task_1574091069/build/src/ipc/chromium/src/chrome/common/ipc_channel_win.cc, line 341

###!!! [Child][RunMessage] Error: Channel closing: too late to send/recv, messages will be lost

[Child 8692, Chrom
###!!! [Child][RunMessage] Error: Channel closing: too late to send/recv, messages will be lost

e_ChildThrea
###!!! [Child][RunMessage] Error: Channel closing: too late to send/recv, messages will be lost

d] WARNING: 
###!!! [Child][RunMessage] Error: Channel closing: too late to send/recv, messages will be lost

pip
###!!! [Child][RunMessage] Error: Channel closing: too late to send/recv, messages will be lost

e error: 109: file z:/t
###!!! [Child][RunMessage] Error: Channel closing: too late to send/recv, messages will be lost

a
###!!! [Child][RunMessage] Error: Channel closing: too late to send/recv, messages will be lost

sk_1574091069/build/src/ipc/chromium/src/chrome/common/ipc_channel_win.cc, line 341
[Parent 17800, Gecko_IOThread] WARNING: pipe error: 109: file z:/task_1574091069/build/src/ipc/chromium/src/chrome/common/ipc_channel_win.cc, line 341
[Child 15992, Chrome_ChildThread] WARNING: pipe error: 109: file z:/task_1574091069/build/src/ipc/chromium/src/chrome/common/ipc_channel_win.cc, line 341
[Child 15992, Chrome_Child[GPU 499
###!!! [Child][MessageChannel::SendAndWait] Error: Channel error: cannot send/recv

1574322860549	mozrunner::runner	INFO	Running command: "C:\\Program Files\\Firefox Developer Edition\\firefox.exe" "-marionette" "-foreground" "-no-remote" "-profile" "C:\\Users\\suman\\AppData\\Local\\Temp\\rust_mozprofilempDq3t"
1574322860869	addons.webextension.screenshots@mozilla.org	WARN	Loading extension 'screenshots@mozilla.org': Reading manifest: Invalid extension permission: mozillaAddons
1574322860869	addons.webextension.screenshots@mozilla.org	WARN	Loading extension 'screenshots@mozilla.org': Reading manifest: Invalid extension permission: telemetry
1574322860869	addons.webextension.screenshots@mozilla.org	WARN	Loading extension 'screenshots@mozilla.org': Reading manifest: Invalid extension permission: resource://pdf.js/
1574322860869	addons.webextension.screenshots@mozilla.org	WARN	Loading extension 'screenshots@mozilla.org': Reading manifest: Invalid extension permission: about:reader*
JavaScript error: resource://gre/modules/XULStore.jsm, line 66: Error: Can't find profile directory.
1574322862324	Marionette	INFO	Listening on port 60703
1574322862559	Marionette	WARN	TLS certificate errors will be ignored for this session
1574322868512	Marionette	INFO	Stopped listening on port 60703
IPDL protocol error: Handler returned error code!

###!!! [Parent][DispatchAsyncMessage] Error: PLayerTransaction::Msg_ReleaseLayer Processing error: message was deserialized, but the handler returned false (indicating failure)

[Child 12052, Chrome_ChildThread] WARNING: pipe error: 109: file z:/task_1574091069/build/src/ipc/chromium/src/chrome/common/ipc_channel_win.cc, line 341
[Child 12052, Chrome_ChildT[Child 2900, Chrome_ChildThread] WARNING: pipe error: 109: file z:/task_
###!!! [Child][MessageChannel] Error: (msgtype=0x660029,name=PNecko::Msg_RemoveRequestContext) Channel closing: too late to send/recv, messages will be lost

1574091069/build/s
###!!! [Child][RunMessage] Error: Channel closing: too late to send/recv, messages will be lost

rc/ipc/
###!!! [Child][RunMessage] Error: Channel closing: too late to send/recv, messages will be lost

chromium/src/chrome/common/ipc_channe
###!!! [Child][RunMessage] Error: Channel closing: too late to send/recv, messages will be lost

l_win.cc, line 341

###!!! [Child][RunMessage] Error: Channel closing: too late to send/recv, messages will be lost


###!!! [Child][RunMessage] Error: Channel closing: too late to send/recv, messages will be lost

[Child 2900
###!!! [Child][RunMessage] Error: Channel closing: too late to send/recv, messages will be lost

, 
###!!! [Child][RunMessage] Error: Channel closing: too late to send/recv, messages will be lost

Chrome_ChildThread] WARNING: pipe error: 109: file z:/task_1574091069/bui
###!!! [Child][RunMessage] Error: Channel closing: too late to send/recv, messages will be lost

ld/src
###!!! [Child][RunMessage] Error: Channel closing: too late to send/recv, messages will be lost

/ipc/chromium/src/chro
###!!! [Child][RunMessage] Error: Channel closing: too late to send/recv, messages will be lost

me/common/ipc_chann
###!!! [Child][RunMessage] Error: Channel closing: too late to send/recv, messages will be lost

el_win.cc, line 341
[Parent 12644, Gecko_IOThread] WARNING: pipe error: 109: file z:/task_1574091069/build/src/ipc/chromium/src/chrome/common/ipc_channel_win.cc, line 341
[Child 12560, Chrome_ChildThread] WARNING: pipe error: 109: file z:/task_1574091069/build/src/ipc/chromium/src/chrome/common/ipc_channel_win.cc, line 341
[Child 12560, Chrome_ChildTh[GP
###!!! [Child][MessageChannel::SendAndWait] Error: Channel error: cannot send/recv

1574325584533	mozrunner::runner	INFO	Running command: "C:\\Program Files\\Firefox Developer Edition\\firefox.exe" "-marionette" "-foreground" "-no-remote" "-profile" "C:\\Users\\suman\\AppData\\Local\\Temp\\rust_mozprofileXCRJNL"
1574325585525	addons.webextension.screenshots@mozilla.org	WARN	Loading extension 'screenshots@mozilla.org': Reading manifest: Invalid extension permission: mozillaAddons
1574325585526	addons.webextension.screenshots@mozilla.org	WARN	Loading extension 'screenshots@mozilla.org': Reading manifest: Invalid extension permission: telemetry
1574325585527	addons.webextension.screenshots@mozilla.org	WARN	Loading extension 'screenshots@mozilla.org': Reading manifest: Invalid extension permission: resource://pdf.js/
1574325585527	addons.webextension.screenshots@mozilla.org	WARN	Loading extension 'screenshots@mozilla.org': Reading manifest: Invalid extension permission: about:reader*
JavaScript error: resource://gre/modules/XULStore.jsm, line 66: Error: Can't find profile directory.
1574325589321	Marionette	INFO	Listening on port 61038
1574325589764	Marionette	WARN	TLS certificate errors will be ignored for this session
1574325595486	Marionette	INFO	Stopped listening on port 61038
[Parent 10288, Gecko_IOThread] WARNING: pipe error: 109: file z:/task_1574091069/build/src/ipc/chromium/src/chrome/common/ipc_channel_win.cc, line 341
[Child 8072, Chrome_ChildThread] WARNING: pipe error: 109: file z:/task_1574091069/build/src/ipc/chromium/src/chrome/common/ipc_channel_win.cc, line 341
[Child 8072, Chrome_ChildThread[Child 7924, Chrome_ChildThread] WARNING: pipe error: 109: file z:/task_1574091069/build/src/ipc/chromium/src/chrome/common/ipc_channel_win.cc, line 341
[Parent 10288, Gecko_IOThread] WARNING: pipe error: 109: file z:/task_1574091069/build/src/ipc/chromium/src/chrome/common/ipc_channel_win.cc, line 341
[Child 17548, Chrome_ChildThread] WARNING: pipe error: 109: file z:/task_1574091069/build/src/ipc/chromium/src/chrome/common/ipc_channel_win.cc, line 341
[Child 175[GPU
###!!! [Child][RunMessage] Error: Channel closing: too late to send/recv, messages will be lost

 
###!!! [Child][MessageChannel::SendAndWait] Error: Channel error: cannot send/recv

1574327138658	mozrunner::runner	INFO	Running command: "C:\\Program Files\\Firefox Developer Edition\\firefox.exe" "-marionette" "-foreground" "-no-remote" "-profile" "C:\\Users\\suman\\AppData\\Local\\Temp\\rust_mozprofilexd5uqn"
1574327140254	addons.webextension.screenshots@mozilla.org	WARN	Loading extension 'screenshots@mozilla.org': Reading manifest: Invalid extension permission: mozillaAddons
1574327140255	addons.webextension.screenshots@mozilla.org	WARN	Loading extension 'screenshots@mozilla.org': Reading manifest: Invalid extension permission: telemetry
1574327140255	addons.webextension.screenshots@mozilla.org	WARN	Loading extension 'screenshots@mozilla.org': Reading manifest: Invalid extension permission: resource://pdf.js/
1574327140255	addons.webextension.screenshots@mozilla.org	WARN	Loading extension 'screenshots@mozilla.org': Reading manifest: Invalid extension permission: about:reader*
JavaScript error: resource://gre/modules/XULStore.jsm, line 66: Error: Can't find profile directory.
1574327143590	Marionette	INFO	Listening on port 61352
1574327143891	Marionette	WARN	TLS certificate errors will be ignored for this session
1574327149571	Marionette	INFO	Stopped listening on port 61352
[Parent 16964, Gecko_IOThread] WARNING: pipe error: 109: file z:/task_1574091069/build/src/ipc/chromium/src/chrome/common/ipc_channel_win.cc, line 341
[Child 5280, Chrome_ChildThread] WARNING: pipe error: 109: file z:/task_1574091069/build/src/ipc/chromium/src/chrome/common/ipc_channel_win.cc, line 341
[Child 5280, Chrome_C[Child 10744, Chrome_ChildThread] WARNING: pipe error: 232: file z:/task_1574091069/build/src/ipc/chromium/src/chrome/common/ipc_channel_win.cc, line 502
[Child 10744, Chrome_ChildThread] WARNING: pipe error: 109: file z:/task_1574091069/build/src/ipc/chromium/src/chrome/common/ipc_channel_win.cc, line 341

###!!! [Child][RunMessage] Error: Channel error: cannot send/recv


###!!! [Child][RunMessage] Error: Channel error: cannot send/recv


###!!! [Child][RunMessage] Error: Channel error: cannot send/recv

[Parent 16964, Gecko_IOThread] WARNING: pipe error: 109: file z:/task_1574091069/build/src/ipc/chromium/src/chrome/common/ipc_channel_win.cc, line 341
[Child 7876, Chrome_ChildThread] WARNING: pipe error: 109: file z:/task_1574091069/build/src/ipc/chromium/src/chrome/common/ipc_channel_win.cc, line 341
[Child 7876, C[GPU 8204, C
###!!! [Child][MessageChannel::SendAndWait] Error: Channel error: cannot send/recv

1574327811556	mozrunner::runner	INFO	Running command: "C:\\Program Files\\Firefox Developer Edition\\firefox.exe" "-marionette" "-foreground" "-no-remote" "-profile" "C:\\Users\\suman\\AppData\\Local\\Temp\\rust_mozprofileYCh32O"
1574327812258	addons.webextension.screenshots@mozilla.org	WARN	Loading extension 'screenshots@mozilla.org': Reading manifest: Invalid extension permission: mozillaAddons
1574327812259	addons.webextension.screenshots@mozilla.org	WARN	Loading extension 'screenshots@mozilla.org': Reading manifest: Invalid extension permission: telemetry
1574327812259	addons.webextension.screenshots@mozilla.org	WARN	Loading extension 'screenshots@mozilla.org': Reading manifest: Invalid extension permission: resource://pdf.js/
1574327812259	addons.webextension.screenshots@mozilla.org	WARN	Loading extension 'screenshots@mozilla.org': Reading manifest: Invalid extension permission: about:reader*
JavaScript error: resource://gre/modules/XULStore.jsm, line 66: Error: Can't find profile directory.
1574327814714	Marionette	INFO	Listening on port 61519
1574327815182	Marionette	WARN	TLS certificate errors will be ignored for this session
1574327821521	Marionette	INFO	Stopped listening on port 61519
[Parent 4680, Gecko_IOThread] WARNING: pipe error: 109: file z:/task_1574091069/build/src/ipc/chromium/src/chrome/common/ipc_channel_win.cc, line 341
[Child 7304, Chrome_ChildThread] WARNING: pipe error: 109: file z:/task_1574091069/build/src/ipc/chromium/src/chrome/common/ipc_channel_win.cc, line 341
[Child 7304[Child 13976, Chrome_ChildThread] WARNING: pipe error: 232: file z:/task_1574091069/build/src/ipc/chromium/src/chrome/common/ipc_channel_win.cc, line 502
[Child 13976, Chrome_ChildThread] WARNING: pipe error: 109: file z:/task_1574091069/build/src/ipc/chromium/src/chrome/common/ipc_channel_win.cc, line 341
[Child 13976, Chrome_ChildThread] WARNING: pipe error: 232: file z:/task_1574091069/build/src/ipc/chromium/src/chrome/common/ipc_channel_win.cc, line 502
[Child 13976, Chrome_ChildThread] WARNING: pipe error: 109: file z:/task_1574091069/build/src/ipc/chromium/src/chrome/common/ipc_channel_win.cc, line 341
[Parent 4680, Gecko_IOThread] WARNING: pipe error: 109: file z:/task_1574091069/build/src/ipc/chromium/src/chrome/common/ipc_channel_win.cc, line 341
[Child 1444, Chrome_ChildThread] WARNING: pipe error: 109: file z:/task_1574091069/build/src/ipc/chromium/src/chrome/common/ipc_channel_win.cc, line 341
[Child 1444, Chro
###!!! [Child][RunMessage] Error: Channel closing: too late to send/recv, messages will be lost

[GPU 505
###!!! [Child][MessageChannel::SendAndWait] Error: Channel error: cannot send/recv

1574327934746	mozrunner::runner	INFO	Running command: "C:\\Program Files\\Firefox Developer Edition\\firefox.exe" "-marionette" "-foreground" "-no-remote" "-profile" "C:\\Users\\suman\\AppData\\Local\\Temp\\rust_mozprofileja36mi"
1574327935494	addons.webextension.screenshots@mozilla.org	WARN	Loading extension 'screenshots@mozilla.org': Reading manifest: Invalid extension permission: mozillaAddons
1574327935495	addons.webextension.screenshots@mozilla.org	WARN	Loading extension 'screenshots@mozilla.org': Reading manifest: Invalid extension permission: telemetry
1574327935495	addons.webextension.screenshots@mozilla.org	WARN	Loading extension 'screenshots@mozilla.org': Reading manifest: Invalid extension permission: resource://pdf.js/
1574327935495	addons.webextension.screenshots@mozilla.org	WARN	Loading extension 'screenshots@mozilla.org': Reading manifest: Invalid extension permission: about:reader*
JavaScript error: resource://gre/modules/XULStore.jsm, line 66: Error: Can't find profile directory.
1574327937960	Marionette	INFO	Listening on port 61614
1574327938379	Marionette	WARN	TLS certificate errors will be ignored for this session
1574327944800	Marionette	INFO	Stopped listening on port 61614
[Parent 14536, Gecko_IOThread] WARNING: pipe error: 109: file z:/task_1574091069/build/src/ipc/chromium/src/chrome/common/ipc_channel_win.cc, line 341
[Child 7384, Chrome_ChildThread] WARNING: pipe error: 109: file z:/task_1574091069/build/src/ipc/chromium/src/chrome/common/ipc_channel_win.cc, line 341
[Child 738[Parent 14536, Gecko_IOThread] WARNING: pipe error: 109: file z:/task_1574091069/build/src/ipc/chromium/src/chrome/common/ipc_channel_win.cc, line 341

###!!! [Child][MessageChannel] Error: (msgtype=0x660029,name=PNecko::Msg_RemoveRequestContext) Channel closing: too late to send/recv, messages will be lost

[Child 2812, Chrome_ChildThread] WARNING: pipe error: 109: file z:/task_1574091069/build/src/ipc/chromium/src/chrome/common/ipc_channel_win.cc, line 341
[Child 2812, Chrom[Parent 14536, Gecko_IOThread] WARNING: pipe error: 109: file z:/task_1574091069/build/src/ipc/chromium/src/chrome/common/ipc_channel_win.cc, line 341
[Child 14884, Chrome_ChildThread] WARNING: pipe error: 109: file z:/task_1574091069/build/src/ipc/chromium/src/chrome/common/ipc_channel_win.cc, line 341
[Child 14884, Ch[GPU 996, C
###!!! [Child][MessageChannel::SendAndWait] Error: Channel error: cannot send/recv

1574330062845	mozrunner::runner	INFO	Running command: "C:\\Program Files\\Firefox Developer Edition\\firefox.exe" "-marionette" "-foreground" "-no-remote" "-profile" "C:\\Users\\suman\\AppData\\Local\\Temp\\rust_mozprofile6FbIY7"
1574330064871	addons.webextension.screenshots@mozilla.org	WARN	Loading extension 'screenshots@mozilla.org': Reading manifest: Invalid extension permission: mozillaAddons
1574330064871	addons.webextension.screenshots@mozilla.org	WARN	Loading extension 'screenshots@mozilla.org': Reading manifest: Invalid extension permission: telemetry
1574330064871	addons.webextension.screenshots@mozilla.org	WARN	Loading extension 'screenshots@mozilla.org': Reading manifest: Invalid extension permission: resource://pdf.js/
1574330064871	addons.webextension.screenshots@mozilla.org	WARN	Loading extension 'screenshots@mozilla.org': Reading manifest: Invalid extension permission: about:reader*
JavaScript error: resource://gre/modules/XULStore.jsm, line 66: Error: Can't find profile directory.
1574330069056	Marionette	INFO	Listening on port 61992
1574330069091	Marionette	WARN	TLS certificate errors will be ignored for this session
[Child 17792, Chrome_ChildThread] WARNING: pipe error: 109: file z:/task_1574091069/build/src/ipc/chromium/src/chrome/common/ipc_channel_win.cc, line 341
[Child[Pa r1e7nt 10048, Gecko_IOThread] WARNING: pipe error: 109: file z:/task_1574091069/build/src/ipc/chromium/src/chrome/common/ipc_channel_win.cc, line 341
[Child 7272, Chrome_ChildThread] WARNING: pipe error: 109: file z:/task_1574091069/build/src/ipc/chromium/src/chrome/common/ipc_channel_win.cc, line 341
[Child 7272, Ch[Parent 10048, Gecko_IOThread] WARNING: pipe error: 109: file z:/task_1574091069/build/src/ipc/chromium/src/chrome/common/ipc_channel_win.cc, line 341
[Child 11212, Chrome_ChildThread] WARNING: pipe error: 109: file z:/task_1574091069/build/src/ipc/chromium/src/chrome/common/ipc_channel_win.cc, line 341
[Child 11212, 1574330199188	Marionette	INFO	Stopped listening on port 61992
[GPU 
###!!! [Child][RunMessage] Error: Channel closing: too late to send/recv, messages will be lost


###!!! [Child][MessageChannel::SendAndWait] Error: Channel error: cannot send/recv

1574345806052	mozrunner::runner	INFO	Running command: "C:\\Program Files\\Firefox Developer Edition\\firefox.exe" "-marionette" "-foreground" "-no-remote" "-profile" "C:\\Users\\suman\\AppData\\Local\\Temp\\rust_mozprofilewCzX7R"
1574345806427	addons.webextension.screenshots@mozilla.org	WARN	Loading extension 'screenshots@mozilla.org': Reading manifest: Invalid extension permission: mozillaAddons
1574345806427	addons.webextension.screenshots@mozilla.org	WARN	Loading extension 'screenshots@mozilla.org': Reading manifest: Invalid extension permission: telemetry
1574345806427	addons.webextension.screenshots@mozilla.org	WARN	Loading extension 'screenshots@mozilla.org': Reading manifest: Invalid extension permission: resource://pdf.js/
1574345806427	addons.webextension.screenshots@mozilla.org	WARN	Loading extension 'screenshots@mozilla.org': Reading manifest: Invalid extension permission: about:reader*
JavaScript error: resource://gre/modules/XULStore.jsm, line 66: Error: Can't find profile directory.
1574345807971	Marionette	INFO	Listening on port 58214
1574345808059	Marionette	WARN	TLS certificate errors will be ignored for this session
[Parent 19420, Gecko_IOThread] WARNING: pipe error: 109: file z:/task_1574091069/build/src/ipc/chromium/src/chrome/common/ipc_channel_win.cc, line 341
JavaScript error: https://d2guulkeunn7d8.cloudfront.net/assets/store.webpack_bundle-48c343146cce85191a91.js, line 1: Error: Loading chunk 328 failed.
(error: https://d2guulkeunn7d8.cloudfront.net/assets/328-94f2e39273bc3cbf6fc9.webpack_chunk.js)
JavaScript error: https://d2guulkeunn7d8.cloudfront.net/assets/store.webpack_bundle-48c343146cce85191a91.js, line 1: Error: Loading chunk 328 failed.
(error: https://d2guulkeunn7d8.cloudfront.net/assets/328-94f2e39273bc3cbf6fc9.webpack_chunk.js)
JavaScript error: https://d2guulkeunn7d8.cloudfront.net/assets/store.webpack_bundle-48c343146cce85191a91.js, line 1: Error: Loading chunk 328 failed.
(error: https://d2guulkeunn7d8.cloudfront.net/assets/328-94f2e39273bc3cbf6fc9.webpack_chunk.js)
JavaScript error: , line 0: TypeError: NetworkError when attempting to fetch resource.
JavaScript error: https://d2guulkeunn7d8.cloudfront.net/assets/store.webpack_bundle-48c343146cce85191a91.js, line 1: Error: Loading chunk 6 failed.
(error: https://d2guulkeunn7d8.cloudfront.net/assets/phrases6-a16b9b4abea14ef0d67d.webpack_chunk.js)
[Parent 19420, Gecko_IOThread] WARNING: pipe error: 109: file z:/task_1574091069/build/src/ipc/chromium/src/chrome/common/ipc_channel_win.cc, line 341
[Parent 19420, Gecko_IOThread] WARNING: pipe error: 109: file z:/task_1574091069/build/src/ipc/chromium/src/chrome/common/ipc_channel_win.cc, line 341
[Parent 19420, Gecko_IOThread] WARNING: pipe error: 109: file z:/task_1574091069/build/src/ipc/chromium/src/chrome/common/ipc_channel_win.cc, line 341
[Parent 19420, Gecko_IOThread] WARNING: pipe error: 109: file z:/task_1574091069/build/src/ipc/chromium/src/chrome/common/ipc_channel_win.cc, line 341
[Parent 19420, Gecko_IOThread] WARNING: pipe error: 109: file z:/task_1574091069/build/src/ipc/chromium/src/chrome/common/ipc_channel_win.cc, line 341
JavaScript error: , line 0: TypeError: NetworkError when attempting to fetch resource.
[Parent 19420, Gecko_IOThread] WARNING: pipe error: 109: file z:/task_1574091069/build/src/ipc/chromium/src/chrome/common/ipc_channel_win.cc, line 341
[Parent 19420, Gecko_IOThread] WARNING: pipe error: 109: file z:/task_1574091069/build/src/ipc/chromium/src/chrome/common/ipc_channel_win.cc, line 341
[Parent 19420, Gecko_IOThread] WARNING: pipe error: 109: file z:/task_1574091069/build/src/ipc/chromium/src/chrome/common/ipc_channel_win.cc, line 341
[Parent 19420, Gecko_IOThread] WARNING: pipe error: 109: file z:/task_1574091069/build/src/ipc/chromium/src/chrome/common/ipc_channel_win.cc, line 341
[Child 10560, Chrome_ChildThread] WARNING: pipe error: 109: file z:/task_1574091069/build/src/ipc/chromium/src/chrome/common/ipc_channel_win.cc, line 341
IPDL protocol error: Handler returned error code!

###!!! [Parent][DispatchAsyncMessage] Error: PLayerTransaction::Msg_ReleaseLayer Processing error: message was deserialized, but the handler returned false (indicating failure)

IPDL protocol error: Handler returned error code!

###!!! [Parent][DispatchAsyncMessage] Error: PLayerTransaction::Msg_ReleaseLayer Processing error: message was deserialized, but the handler returned false (indicating failure)

[Child 17856, Chrome_ChildThrea
###!!! [Child][MessageChannel] Error: (msgtype=0x58000D,name=PHttpChannel::Msg_DeletingChannel) Channel closing: too late to send/recv, messages will be lost

d] W
###!!! [Child][MessageChannel] Error: (msgtype=0x37011E,name=PContent::Msg_ScriptError) Channel closing: too late to send/recv, messages will be lost

ARNING: pipe error: 109: file z:/task_1574091069/build/src/ipc/chromium/src/chrome/common/ipc_channel_win.cc, line 341
[Child 17856, Chrome_ChildThread] WARNING: pipe error: 109: file z:/task_[Parent 19420, Gecko_IOThread] WARNING: pipe error: 109: file z:/task_1574091069/build/src/ipc/chromium/src/chrome/common/ipc_channel_win.cc, line 341
[Child 18708, Chrome_ChildThread] WARNING: pipe error: 109: file z:/task_1574091069/build/src/ipc/chromium/src/chrome/common/ipc_channel_win.cc, line 341
1574346058792	Marionette	INFO	Stopped listening on port 58214
[G
###!!! [Child][MessageChannel::SendAndWait] Error: Channel error: cannot send/recv

1574441293649	mozrunner::runner	INFO	Running command: "C:\\Program Files\\Firefox Developer Edition\\firefox.exe" "-marionette" "-foreground" "-no-remote" "-profile" "C:\\Users\\suman\\AppData\\Local\\Temp\\rust_mozprofileQxytsV"
1574441370678	mozrunner::runner	INFO	Running command: "C:\\Program Files\\Firefox Developer Edition\\firefox.exe" "-marionette" "-foreground" "-no-remote" "-profile" "C:\\Users\\suman\\AppData\\Local\\Temp\\rust_mozprofileHcyvph"
1574441405746	mozrunner::runner	INFO	Running command: "C:\\Program Files\\Firefox Developer Edition\\firefox.exe" "-marionette" "-foreground" "-no-remote" "-profile" "C:\\Users\\suman\\AppData\\Local\\Temp\\rust_mozprofileRqNM7b"
1574441406652	addons.webextension.screenshots@mozilla.org	WARN	Loading extension 'screenshots@mozilla.org': Reading manifest: Invalid extension permission: mozillaAddons
1574441406652	addons.webextension.screenshots@mozilla.org	WARN	Loading extension 'screenshots@mozilla.org': Reading manifest: Invalid extension permission: telemetry
1574441406652	addons.webextension.screenshots@mozilla.org	WARN	Loading extension 'screenshots@mozilla.org': Reading manifest: Invalid extension permission: resource://pdf.js/
1574441406652	addons.webextension.screenshots@mozilla.org	WARN	Loading extension 'screenshots@mozilla.org': Reading manifest: Invalid extension permission: about:reader*
JavaScript error: resource://gre/modules/XULStore.jsm, line 66: Error: Can't find profile directory.
1574441409639	Marionette	INFO	Listening on port 50795
1574441409871	Marionette	WARN	TLS certificate errors will be ignored for this session
[Parent 19108, Gecko_IOThread] WARNING: pipe error: 109: file z:/task_1574352431/build/src/ipc/chromium/src/chrome/common/ipc_channel_win.cc, line 341
[Parent 19108, Gecko_IOThread] WARNING: pipe error: 109: file z:/task_1574352431/build/src/ipc/chromium/src/chrome/common/ipc_channel_win.cc, line 341
[Parent 19108, Gecko_IOThread] WARNING: pipe error: 109: file z:/task_1574352431/build/src/ipc/chromium/src/chrome/common/ipc_channel_win.cc, line 341
[Parent 19108, Gecko_IOThread] WARNING: pipe error: 109: file z:/task_1574352431/build/src/ipc/chromium/src/chrome/common/ipc_channel_win.cc, line 341
[Parent 19108, Gecko_IOThread] WARNING: pipe error: 109: file z:/task_1574352431/build/src/ipc/chromium/src/chrome/common/ipc_channel_win.cc, line 341
[Parent 19108, Gecko_IOThread] WARNING: pipe error: 109: file z:/task_1574352431/build/src/ipc/chromium/src/chrome/common/ipc_channel_win.cc, line 341
[Parent 19108, Gecko_IOThread] WARNING: pipe error: 109: file z:/task_1574352431/build/src/ipc/chromium/src/chrome/common/ipc_channel_win.cc, line 341
[Parent 19108, Gecko_IOThread] WARNING: pipe error: 109: file z:/task_1574352431/build/src/ipc/chromium/src/chrome/common/ipc_channel_win.cc, line 341
[Parent 19108, Gecko_IOThread] WARNING: pipe error: 109: file z:/task_1574352431/build/src/ipc/chromium/src/chrome/common/ipc_channel_win.cc, line 341
[Parent 19108, Gecko_IOThread] WARNING: pipe error: 109: file z:/task_1574352431/build/src/ipc/chromium/src/chrome/common/ipc_channel_win.cc, line 341
[Parent 19108, Gecko_IOThread] WARNING: pipe error: 109: file z:/task_1574352431/build/src/ipc/chromium/src/chrome/common/ipc_channel_win.cc, line 341
[Parent 19108, Gecko_IOThread] WARNING: pipe error: 109: file z:/task_1574352431/build/src/ipc/chromium/src/chrome/common/ipc_channel_win.cc, line 341
[Parent 19108, Gecko_IOThread] WARNING: pipe error: 109: file z:/task_1574352431/build/src/ipc/chromium/src/chrome/common/ipc_channel_win.cc, line 341
[Parent 19108, Gecko_IOThread] WARNING: pipe error: 109: file z:/task_1574352431/build/src/ipc/chromium/src/chrome/common/ipc_channel_win.cc, line 341
[Parent 19108, Gecko_IOThread] WARNING: pipe error: 109: file z:/task_1574352431/build/src/ipc/chromium/src/chrome/common/ipc_channel_win.cc, line 341
[Parent 19108, Gecko_IOThread] WARNING: pipe error: 109: file z:/task_1574352431/build/src/ipc/chromium/src/chrome/common/ipc_channel_win.cc, line 341
[Parent 19108, Gecko_IOThread] WARNING: pipe error: 109: file z:/task_1574352431/build/src/ipc/chromium/src/chrome/common/ipc_channel_win.cc, line 341
[Parent 19108, Gecko_IOThread] WARNING: pipe error: 109: file z:/task_1574352431/build/src/ipc/chromium/src/chrome/common/ipc_channel_win.cc, line 341
[Parent 19108, Gecko_IOThread] WARNING: pipe error: 109: file z:/task_1574352431/build/src/ipc/chromium/src/chrome/common/ipc_channel_win.cc, line 341
[Parent 19108, Gecko_IOThread] WARNING: pipe error: 109: file z:/task_1574352431/build/src/ipc/chromium/src/chrome/common/ipc_channel_win.cc, line 341
[Parent 19108, Gecko_IOThread] WARNING: pipe error: 109: file z:/task_1574352431/build/src/ipc/chromium/src/chrome/common/ipc_channel_win.cc, line 341
[Parent 19108, Gecko_IOThread] WARNING: pipe error: 109: file z:/task_1574352431/build/src/ipc/chromium/src/chrome/common/ipc_channel_win.cc, line 341
[Parent 19108, Gecko_IOThread] WARNING: pipe error: 109: file z:/task_1574352431/build/src/ipc/chromium/src/chrome/common/ipc_channel_win.cc, line 341
[Parent 19108, Gecko_IOThread] WARNING: pipe error: 109: file z:/task_1574352431/build/src/ipc/chromium/src/chrome/common/ipc_channel_win.cc, line 341
[Parent 19108, Gecko_IOThread] WARNING: pipe error: 109: file z:/task_1574352431/build/src/ipc/chromium/src/chrome/common/ipc_channel_win.cc, line 341
[Parent 19108, Gecko_IOThread] WARNING: pipe error: 109: file z:/task_1574352431/build/src/ipc/chromium/src/chrome/common/ipc_channel_win.cc, line 341
[Parent 19108, Gecko_IOThread] WARNING: pipe error: 109: file z:/task_1574352431/build/src/ipc/chromium/src/chrome/common/ipc_channel_win.cc, line 341
[Parent 19108, Gecko_IOThread] WARNING: pipe error: 109: file z:/task_1574352431/build/src/ipc/chromium/src/chrome/common/ipc_channel_win.cc, line 341
[Parent 19108, Gecko_IOThread] WARNING: pipe error: 109: file z:/task_1574352431/build/src/ipc/chromium/src/chrome/common/ipc_channel_win.cc, line 341
[Parent 19108, Gecko_IOThread] WARNING: pipe error: 109: file z:/task_1574352431/build/src/ipc/chromium/src/chrome/common/ipc_channel_win.cc, line 341
[Parent 19108, Gecko_IOThread] WARNING: pipe error: 109: file z:/task_1574352431/build/src/ipc/chromium/src/chrome/common/ipc_channel_win.cc, line 341
[Parent 19108, Gecko_IOThread] WARNING: pipe error: 109: file z:/task_1574352431/build/src/ipc/chromium/src/chrome/common/ipc_channel_win.cc, line 341
[Parent 19108, Gecko_IOThread] WARNING: pipe error: 109: file z:/task_1574352431/build/src/ipc/chromium/src/chrome/common/ipc_channel_win.cc, line 341
[Parent 19108, Gecko_IOThread] WARNING: pipe error: 109: file z:/task_1574352431/build/src/ipc/chromium/src/chrome/common/ipc_channel_win.cc, line 341
[Parent 19108, Gecko_IOThread] WARNING: pipe error: 109: file z:/task_1574352431/build/src/ipc/chromium/src/chrome/common/ipc_channel_win.cc, line 341
[Parent 19108, Gecko_IOThread] WARNING: pipe error: 109: file z:/task_1574352431/build/src/ipc/chromium/src/chrome/common/ipc_channel_win.cc, line 341
[Parent 19108, Gecko_IOThread] WARNING: pipe error: 109: file z:/task_1574352431/build/src/ipc/chromium/src/chrome/common/ipc_channel_win.cc, line 341
[Parent 19108, Gecko_IOThread] WARNING: pipe error: 109: file z:/task_1574352431/build/src/ipc/chromium/src/chrome/common/ipc_channel_win.cc, line 341
[Parent 19108, Gecko_IOThread] WARNING: pipe error: 109: file z:/task_1574352431/build/src/ipc/chromium/src/chrome/common/ipc_channel_win.cc, line 341
[Parent 19108, Gecko_IOThread] WARNING: pipe error: 109: file z:/task_1574352431/build/src/ipc/chromium/src/chrome/common/ipc_channel_win.cc, line 341
[Parent 19108, Gecko_IOThread] WARNING: pipe error: 109: file z:/task_1574352431/build/src/ipc/chromium/src/chrome/common/ipc_channel_win.cc, line 341
[Parent 19108, Gecko_IOThread] WARNING: pipe error: 109: file z:/task_1574352431/build/src/ipc/chromium/src/chrome/common/ipc_channel_win.cc, line 341
[Parent 19108, Gecko_IOThread] WARNING: pipe error: 109: file z:/task_1574352431/build/src/ipc/chromium/src/chrome/common/ipc_channel_win.cc, line 341
[Parent 19108, Gecko_IOThread] WARNING: pipe error: 109: file z:/task_1574352431/build/src/ipc/chromium/src/chrome/common/ipc_channel_win.cc, line 341
[Parent 19108, Gecko_IOThread] WARNING: pipe error: 109: file z:/task_1574352431/build/src/ipc/chromium/src/chrome/common/ipc_channel_win.cc, line 341
[Parent 19108, Gecko_IOThread] WARNING: pipe error: 109: file z:/task_1574352431/build/src/ipc/chromium/src/chrome/common/ipc_channel_win.cc, line 341
[Parent 19108, Gecko_IOThread] WARNING: pipe error: 109: file z:/task_1574352431/build/src/ipc/chromium/src/chrome/common/ipc_channel_win.cc, line 341
[Parent 19108, Gecko_IOThread] WARNING: pipe error: 109: file z:/task_1574352431/build/src/ipc/chromium/src/chrome/common/ipc_channel_win.cc, line 341
[Parent 19108, Gecko_IOThread] WARNING: pipe error: 109: file z:/task_1574352431/build/src/ipc/chromium/src/chrome/common/ipc_channel_win.cc, line 341
[Parent 19108, Gecko_IOThread] WARNING: pipe error: 109: file z:/task_1574352431/build/src/ipc/chromium/src/chrome/common/ipc_channel_win.cc, line 341
[Parent 19108, Gecko_IOThread] WARNING: pipe error: 109: file z:/task_1574352431/build/src/ipc/chromium/src/chrome/common/ipc_channel_win.cc, line 341
[Parent 19108, Gecko_IOThread] WARNING: pipe error: 109: file z:/task_1574352431/build/src/ipc/chromium/src/chrome/common/ipc_channel_win.cc, line 341
[Parent 19108, Gecko_IOThread] WARNING: pipe error: 109: file z:/task_1574352431/build/src/ipc/chromium/src/chrome/common/ipc_channel_win.cc, line 341
[Parent 19108, Gecko_IOThread] WARNING: pipe error: 109: file z:/task_1574352431/build/src/ipc/chromium/src/chrome/common/ipc_channel_win.cc, line 341
[Parent 19108, Gecko_IOThread] WARNING: pipe error: 109: file z:/task_1574352431/build/src/ipc/chromium/src/chrome/common/ipc_channel_win.cc, line 341
[Parent 19108, Gecko_IOThread] WARNING: pipe error: 109: file z:/task_1574352431/build/src/ipc/chromium/src/chrome/common/ipc_channel_win.cc, line 341
[Parent 19108, Gecko_IOThread] WARNING: pipe error: 109: file z:/task_1574352431/build/src/ipc/chromium/src/chrome/common/ipc_channel_win.cc, line 341
[Parent 19108, Gecko_IOThread] WARNING: pipe error: 109: file z:/task_1574352431/build/src/ipc/chromium/src/chrome/common/ipc_channel_win.cc, line 341
[Parent 19108, Gecko_IOThread] WARNING: pipe error: 109: file z:/task_1574352431/build/src/ipc/chromium/src/chrome/common/ipc_channel_win.cc, line 341
[Parent 19108, Gecko_IOThread] WARNING: pipe error: 109: file z:/task_1574352431/build/src/ipc/chromium/src/chrome/common/ipc_channel_win.cc, line 341
[Parent 19108, Gecko_IOThread] WARNING: pipe error: 109: file z:/task_1574352431/build/src/ipc/chromium/src/chrome/common/ipc_channel_win.cc, line 341
[Parent 19108, Gecko_IOThread] WARNING: pipe error: 109: file z:/task_1574352431/build/src/ipc/chromium/src/chrome/common/ipc_channel_win.cc, line 341
[Parent 19108, Gecko_IOThread] WARNING: pipe error: 109: file z:/task_1574352431/build/src/ipc/chromium/src/chrome/common/ipc_channel_win.cc, line 341
[Parent 19108, Gecko_IOThread] WARNING: pipe error: 109: file z:/task_1574352431/build/src/ipc/chromium/src/chrome/common/ipc_channel_win.cc, line 341
[Parent 19108, Gecko_IOThread] WARNING: pipe error: 109: file z:/task_1574352431/build/src/ipc/chromium/src/chrome/common/ipc_channel_win.cc, line 341
[Parent 19108, Gecko_IOThread] WARNING: pipe error: 109: file z:/task_1574352431/build/src/ipc/chromium/src/chrome/common/ipc_channel_win.cc, line 341
[Parent 19108, Gecko_IOThread] WARNING: pipe error: 109: file z:/task_1574352431/build/src/ipc/chromium/src/chrome/common/ipc_channel_win.cc, line 341
[Parent 19108, Gecko_IOThread] WARNING: pipe error: 109: file z:/task_1574352431/build/src/ipc/chromium/src/chrome/common/ipc_channel_win.cc, line 341
[Parent 19108, Gecko_IOThread] WARNING: pipe error: 109: file z:/task_1574352431/build/src/ipc/chromium/src/chrome/common/ipc_channel_win.cc, line 341
[Parent 19108, Gecko_IOThread] WARNING: pipe error: 109: file z:/task_1574352431/build/src/ipc/chromium/src/chrome/common/ipc_channel_win.cc, line 341
[Parent 19108, Gecko_IOThread] WARNING: pipe error: 109: file z:/task_1574352431/build/src/ipc/chromium/src/chrome/common/ipc_channel_win.cc, line 341
[Parent 19108, Gecko_IOThread] WARNING: pipe error: 109: file z:/task_1574352431/build/src/ipc/chromium/src/chrome/common/ipc_channel_win.cc, line 341
[Parent 19108, Gecko_IOThread] WARNING: pipe error: 109: file z:/task_1574352431/build/src/ipc/chromium/src/chrome/common/ipc_channel_win.cc, line 341
[Parent 19108, Gecko_IOThread] WARNING: pipe error: 109: file z:/task_1574352431/build/src/ipc/chromium/src/chrome/common/ipc_channel_win.cc, line 341
[Parent 19108, Gecko_IOThread] WARNING: pipe error: 109: file z:/task_1574352431/build/src/ipc/chromium/src/chrome/common/ipc_channel_win.cc, line 341
[Parent 19108, Gecko_IOThread] WARNING: pipe error: 109: file z:/task_1574352431/build/src/ipc/chromium/src/chrome/common/ipc_channel_win.cc, line 341
[Parent 19108, Gecko_IOThread] WARNING: pipe error: 109: file z:/task_1574352431/build/src/ipc/chromium/src/chrome/common/ipc_channel_win.cc, line 341
[Parent 19108, Gecko_IOThread] WARNING: pipe error: 109: file z:/task_1574352431/build/src/ipc/chromium/src/chrome/common/ipc_channel_win.cc, line 341
[Parent 19108, Gecko_IOThread] WARNING: pipe error: 109: file z:/task_1574352431/build/src/ipc/chromium/src/chrome/common/ipc_channel_win.cc, line 341
[Parent 19108, Gecko_IOThread] WARNING: pipe error: 109: file z:/task_1574352431/build/src/ipc/chromium/src/chrome/common/ipc_channel_win.cc, line 341
[Parent 19108, Gecko_IOThread] WARNING: pipe error: 109: file z:/task_1574352431/build/src/ipc/chromium/src/chrome/common/ipc_channel_win.cc, line 341
[Parent 19108, Gecko_IOThread] WARNING: pipe error: 109: file z:/task_1574352431/build/src/ipc/chromium/src/chrome/common/ipc_channel_win.cc, line 341
[Parent 19108, Gecko_IOThread] WARNING: pipe error: 109: file z:/task_1574352431/build/src/ipc/chromium/src/chrome/common/ipc_channel_win.cc, line 341
[Parent 19108, Gecko_IOThread] WARNING: pipe error: 109: file z:/task_1574352431/build/src/ipc/chromium/src/chrome/common/ipc_channel_win.cc, line 341
[Parent 19108, Gecko_IOThread] WARNING: pipe error: 109: file z:/task_1574352431/build/src/ipc/chromium/src/chrome/common/ipc_channel_win.cc, line 341
[Parent 19108, Gecko_IOThread] WARNING: pipe error: 109: file z:/task_1574352431/build/src/ipc/chromium/src/chrome/common/ipc_channel_win.cc, line 341
[Parent 19108, Gecko_IOThread] WARNING: pipe error: 109: file z:/task_1574352431/build/src/ipc/chromium/src/chrome/common/ipc_channel_win.cc, line 341
[Parent 19108, Gecko_IOThread] WARNING: pipe error: 109: file z:/task_1574352431/build/src/ipc/chromium/src/chrome/common/ipc_channel_win.cc, line 341
[Parent 19108, Gecko_IOThread] WARNING: pipe error: 109: file z:/task_1574352431/build/src/ipc/chromium/src/chrome/common/ipc_channel_win.cc, line 341
[Parent 19108, Gecko_IOThread] WARNING: pipe error: 109: file z:/task_1574352431/build/src/ipc/chromium/src/chrome/common/ipc_channel_win.cc, line 341
[Parent 19108, Gecko_IOThread] WARNING: pipe error: 109: file z:/task_1574352431/build/src/ipc/chromium/src/chrome/common/ipc_channel_win.cc, line 341
[Parent 19108, Gecko_IOThread] WARNING: pipe error: 109: file z:/task_1574352431/build/src/ipc/chromium/src/chrome/common/ipc_channel_win.cc, line 341
[Parent 19108, Gecko_IOThread] WARNING: pipe error: 109: file z:/task_1574352431/build/src/ipc/chromium/src/chrome/common/ipc_channel_win.cc, line 341
[Parent 19108, Gecko_IOThread] WARNING: pipe error: 109: file z:/task_1574352431/build/src/ipc/chromium/src/chrome/common/ipc_channel_win.cc, line 341
[Parent 19108, Gecko_IOThread] WARNING: pipe error: 109: file z:/task_1574352431/build/src/ipc/chromium/src/chrome/common/ipc_channel_win.cc, line 341
[Parent 19108, Gecko_IOThread] WARNING: pipe error: 109: file z:/task_1574352431/build/src/ipc/chromium/src/chrome/common/ipc_channel_win.cc, line 341
[Parent 19108, Gecko_IOThread] WARNING: pipe error: 109: file z:/task_1574352431/build/src/ipc/chromium/src/chrome/common/ipc_channel_win.cc, line 341
[Parent 19108, Gecko_IOThread] WARNING: pipe error: 109: file z:/task_1574352431/build/src/ipc/chromium/src/chrome/common/ipc_channel_win.cc, line 341
[Parent 19108, Gecko_IOThread] WARNING: pipe error: 109: file z:/task_1574352431/build/src/ipc/chromium/src/chrome/common/ipc_channel_win.cc, line 341
[Parent 19108, Gecko_IOThread] WARNING: pipe error: 109: file z:/task_1574352431/build/src/ipc/chromium/src/chrome/common/ipc_channel_win.cc, line 341
[Parent 19108, Gecko_IOThread] WARNING: pipe error: 109: file z:/task_1574352431/build/src/ipc/chromium/src/chrome/common/ipc_channel_win.cc, line 341
[Parent 19108, Gecko_IOThread] WARNING: pipe error: 109: file z:/task_1574352431/build/src/ipc/chromium/src/chrome/common/ipc_channel_win.cc, line 341
[Parent 19108, Gecko_IOThread] WARNING: pipe error: 109: file z:/task_1574352431/build/src/ipc/chromium/src/chrome/common/ipc_channel_win.cc, line 341
[Parent 19108, Gecko_IOThread] WARNING: pipe error: 109: file z:/task_1574352431/build/src/ipc/chromium/src/chrome/common/ipc_channel_win.cc, line 341
[Parent 19108, Gecko_IOThread] WARNING: pipe error: 109: file z:/task_1574352431/build/src/ipc/chromium/src/chrome/common/ipc_channel_win.cc, line 341
[Parent 19108, Gecko_IOThread] WARNING: pipe error: 109: file z:/task_1574352431/build/src/ipc/chromium/src/chrome/common/ipc_channel_win.cc, line 341
[Parent 19108, Gecko_IOThread] WARNING: pipe error: 109: file z:/task_1574352431/build/src/ipc/chromium/src/chrome/common/ipc_channel_win.cc, line 341
[Parent 19108, Gecko_IOThread] WARNING: pipe error: 109: file z:/task_1574352431/build/src/ipc/chromium/src/chrome/common/ipc_channel_win.cc, line 341
[Parent 19108, Gecko_IOThread] WARNING: pipe error: 109: file z:/task_1574352431/build/src/ipc/chromium/src/chrome/common/ipc_channel_win.cc, line 341
[Parent 19108, Gecko_IOThread] WARNING: pipe error: 109: file z:/task_1574352431/build/src/ipc/chromium/src/chrome/common/ipc_channel_win.cc, line 341
[Parent 19108, Gecko_IOThread] WARNING: pipe error: 109: file z:/task_1574352431/build/src/ipc/chromium/src/chrome/common/ipc_channel_win.cc, line 341
[Parent 19108, Gecko_IOThread] WARNING: pipe error: 109: file z:/task_1574352431/build/src/ipc/chromium/src/chrome/common/ipc_channel_win.cc, line 341
[Parent 19108, Gecko_IOThread] WARNING: pipe error: 109: file z:/task_1574352431/build/src/ipc/chromium/src/chrome/common/ipc_channel_win.cc, line 341
[Parent 19108, Gecko_IOThread] WARNING: pipe error: 109: file z:/task_1574352431/build/src/ipc/chromium/src/chrome/common/ipc_channel_win.cc, line 341
[Parent 19108, Gecko_IOThread] WARNING: pipe error: 109: file z:/task_1574352431/build/src/ipc/chromium/src/chrome/common/ipc_channel_win.cc, line 341
[Parent 19108, Gecko_IOThread] WARNING: pipe error: 109: file z:/task_1574352431/build/src/ipc/chromium/src/chrome/common/ipc_channel_win.cc, line 341
[Parent 19108, Gecko_IOThread] WARNING: pipe error: 109: file z:/task_1574352431/build/src/ipc/chromium/src/chrome/common/ipc_channel_win.cc, line 341
[Parent 19108, Gecko_IOThread] WARNING: pipe error: 109: file z:/task_1574352431/build/src/ipc/chromium/src/chrome/common/ipc_channel_win.cc, line 341
[Parent 19108, Gecko_IOThread] WARNING: pipe error: 109: file z:/task_1574352431/build/src/ipc/chromium/src/chrome/common/ipc_channel_win.cc, line 341
[Parent 19108, Gecko_IOThread] WARNING: pipe error: 109: file z:/task_1574352431/build/src/ipc/chromium/src/chrome/common/ipc_channel_win.cc, line 341
[Parent 19108, Gecko_IOThread] WARNING: pipe error: 109: file z:/task_1574352431/build/src/ipc/chromium/src/chrome/common/ipc_channel_win.cc, line 341
[Parent 19108, Gecko_IOThread] WARNING: pipe error: 109: file z:/task_1574352431/build/src/ipc/chromium/src/chrome/common/ipc_channel_win.cc, line 341
[Parent 19108, Gecko_IOThread] WARNING: pipe error: 109: file z:/task_1574352431/build/src/ipc/chromium/src/chrome/common/ipc_channel_win.cc, line 341
[Parent 19108, Gecko_IOThread] WARNING: pipe error: 109: file z:/task_1574352431/build/src/ipc/chromium/src/chrome/common/ipc_channel_win.cc, line 341
[Parent 19108, Gecko_IOThread] WARNING: pipe error: 109: file z:/task_1574352431/build/src/ipc/chromium/src/chrome/common/ipc_channel_win.cc, line 341
[Parent 19108, Gecko_IOThread] WARNING: pipe error: 109: file z:/task_1574352431/build/src/ipc/chromium/src/chrome/common/ipc_channel_win.cc, line 341
[Parent 19108, Gecko_IOThread] WARNING: pipe error: 109: file z:/task_1574352431/build/src/ipc/chromium/src/chrome/common/ipc_channel_win.cc, line 341
[Parent 19108, Gecko_IOThread] WARNING: pipe error: 109: file z:/task_1574352431/build/src/ipc/chromium/src/chrome/common/ipc_channel_win.cc, line 341
[Parent 19108, Gecko_IOThread] WARNING: pipe error: 109: file z:/task_1574352431/build/src/ipc/chromium/src/chrome/common/ipc_channel_win.cc, line 341
[Parent 19108, Gecko_IOThread] WARNING: pipe error: 109: file z:/task_1574352431/build/src/ipc/chromium/src/chrome/common/ipc_channel_win.cc, line 341
[Parent 19108, Gecko_IOThread] WARNING: pipe error: 109: file z:/task_1574352431/build/src/ipc/chromium/src/chrome/common/ipc_channel_win.cc, line 341
[Parent 19108, Gecko_IOThread] WARNING: pipe error: 109: file z:/task_1574352431/build/src/ipc/chromium/src/chrome/common/ipc_channel_win.cc, line 341
[Parent 19108, Gecko_IOThread] WARNING: pipe error: 109: file z:/task_1574352431/build/src/ipc/chromium/src/chrome/common/ipc_channel_win.cc, line 341
[Parent 19108, Gecko_IOThread] WARNING: pipe error: 109: file z:/task_1574352431/build/src/ipc/chromium/src/chrome/common/ipc_channel_win.cc, line 341
[Parent 19108, Gecko_IOThread] WARNING: pipe error: 109: file z:/task_1574352431/build/src/ipc/chromium/src/chrome/common/ipc_channel_win.cc, line 341
[Parent 19108, Gecko_IOThread] WARNING: pipe error: 109: file z:/task_1574352431/build/src/ipc/chromium/src/chrome/common/ipc_channel_win.cc, line 341
[Parent 19108, Gecko_IOThread] WARNING: pipe error: 109: file z:/task_1574352431/build/src/ipc/chromium/src/chrome/common/ipc_channel_win.cc, line 341
[Parent 19108, Gecko_IOThread] WARNING: pipe error: 109: file z:/task_1574352431/build/src/ipc/chromium/src/chrome/common/ipc_channel_win.cc, line 341
[Parent 19108, Gecko_IOThread] WARNING: pipe error: 109: file z:/task_1574352431/build/src/ipc/chromium/src/chrome/common/ipc_channel_win.cc, line 341
[Parent 19108, Gecko_IOThread] WARNING: pipe error: 109: file z:/task_1574352431/build/src/ipc/chromium/src/chrome/common/ipc_channel_win.cc, line 341
[Parent 19108, Gecko_IOThread] WARNING: pipe error: 109: file z:/task_1574352431/build/src/ipc/chromium/src/chrome/common/ipc_channel_win.cc, line 341
[Parent 19108, Gecko_IOThread] WARNING: pipe error: 109: file z:/task_1574352431/build/src/ipc/chromium/src/chrome/common/ipc_channel_win.cc, line 341
[Parent 19108, Gecko_IOThread] WARNING: pipe error: 109: file z:/task_1574352431/build/src/ipc/chromium/src/chrome/common/ipc_channel_win.cc, line 341
[Parent 19108, Gecko_IOThread] WARNING: pipe error: 109: file z:/task_1574352431/build/src/ipc/chromium/src/chrome/common/ipc_channel_win.cc, line 341
[Parent 19108, Gecko_IOThread] WARNING: pipe error: 109: file z:/task_1574352431/build/src/ipc/chromium/src/chrome/common/ipc_channel_win.cc, line 341
[Parent 19108, Gecko_IOThread] WARNING: pipe error: 109: file z:/task_1574352431/build/src/ipc/chromium/src/chrome/common/ipc_channel_win.cc, line 341
[Parent 19108, Gecko_IOThread] WARNING: pipe error: 109: file z:/task_1574352431/build/src/ipc/chromium/src/chrome/common/ipc_channel_win.cc, line 341
[Parent 19108, Gecko_IOThread] WARNING: pipe error: 109: file z:/task_1574352431/build/src/ipc/chromium/src/chrome/common/ipc_channel_win.cc, line 341
[Parent 19108, Gecko_IOThread] WARNING: pipe error: 109: file z:/task_1574352431/build/src/ipc/chromium/src/chrome/common/ipc_channel_win.cc, line 341
[Parent 19108, Gecko_IOThread] WARNING: pipe error: 109: file z:/task_1574352431/build/src/ipc/chromium/src/chrome/common/ipc_channel_win.cc, line 341
[Parent 19108, Gecko_IOThread] WARNING: pipe error: 109: file z:/task_1574352431/build/src/ipc/chromium/src/chrome/common/ipc_channel_win.cc, line 341
[Parent 19108, Gecko_IOThread] WARNING: pipe error: 109: file z:/task_1574352431/build/src/ipc/chromium/src/chrome/common/ipc_channel_win.cc, line 341
[Parent 19108, Gecko_IOThread] WARNING: pipe error: 109: file z:/task_1574352431/build/src/ipc/chromium/src/chrome/common/ipc_channel_win.cc, line 341
[Parent 19108, Gecko_IOThread] WARNING: pipe error: 109: file z:/task_1574352431/build/src/ipc/chromium/src/chrome/common/ipc_channel_win.cc, line 341
[Parent 19108, Gecko_IOThread] WARNING: pipe error: 109: file z:/task_1574352431/build/src/ipc/chromium/src/chrome/common/ipc_channel_win.cc, line 341
[Parent 19108, Gecko_IOThread] WARNING: pipe error: 109: file z:/task_1574352431/build/src/ipc/chromium/src/chrome/common/ipc_channel_win.cc, line 341
[Parent 19108, Gecko_IOThread] WARNING: pipe error: 109: file z:/task_1574352431/build/src/ipc/chromium/src/chrome/common/ipc_channel_win.cc, line 341
[Parent 19108, Gecko_IOThread] WARNING: pipe error: 109: file z:/task_1574352431/build/src/ipc/chromium/src/chrome/common/ipc_channel_win.cc, line 341
[Parent 19108, Gecko_IOThread] WARNING: pipe error: 109: file z:/task_1574352431/build/src/ipc/chromium/src/chrome/common/ipc_channel_win.cc, line 341
[Parent 19108, Gecko_IOThread] WARNING: pipe error: 109: file z:/task_1574352431/build/src/ipc/chromium/src/chrome/common/ipc_channel_win.cc, line 341
[Parent 19108, Gecko_IOThread] WARNING: pipe error: 109: file z:/task_1574352431/build/src/ipc/chromium/src/chrome/common/ipc_channel_win.cc, line 341
[Parent 19108, Gecko_IOThread] WARNING: pipe error: 109: file z:/task_1574352431/build/src/ipc/chromium/src/chrome/common/ipc_channel_win.cc, line 341
[Parent 19108, Gecko_IOThread] WARNING: pipe error: 109: file z:/task_1574352431/build/src/ipc/chromium/src/chrome/common/ipc_channel_win.cc, line 341
[Parent 19108, Gecko_IOThread] WARNING: pipe error: 109: file z:/task_1574352431/build/src/ipc/chromium/src/chrome/common/ipc_channel_win.cc, line 341
[Parent 19108, Gecko_IOThread] WARNING: pipe error: 109: file z:/task_1574352431/build/src/ipc/chromium/src/chrome/common/ipc_channel_win.cc, line 341
[Parent 19108, Gecko_IOThread] WARNING: pipe error: 109: file z:/task_1574352431/build/src/ipc/chromium/src/chrome/common/ipc_channel_win.cc, line 341
[Parent 19108, Gecko_IOThread] WARNING: pipe error: 109: file z:/task_1574352431/build/src/ipc/chromium/src/chrome/common/ipc_channel_win.cc, line 341
[Parent 19108, Gecko_IOThread] WARNING: pipe error: 109: file z:/task_1574352431/build/src/ipc/chromium/src/chrome/common/ipc_channel_win.cc, line 341
[Parent 19108, Gecko_IOThread] WARNING: pipe error: 109: file z:/task_1574352431/build/src/ipc/chromium/src/chrome/common/ipc_channel_win.cc, line 341
[Parent 19108, Gecko_IOThread] WARNING: pipe error: 109: file z:/task_1574352431/build/src/ipc/chromium/src/chrome/common/ipc_channel_win.cc, line 341
[Parent 19108, Gecko_IOThread] WARNING: pipe error: 109: file z:/task_1574352431/build/src/ipc/chromium/src/chrome/common/ipc_channel_win.cc, line 341
[Parent 19108, Gecko_IOThread] WARNING: pipe error: 109: file z:/task_1574352431/build/src/ipc/chromium/src/chrome/common/ipc_channel_win.cc, line 341
[Parent 19108, Gecko_IOThread] WARNING: pipe error: 109: file z:/task_1574352431/build/src/ipc/chromium/src/chrome/common/ipc_channel_win.cc, line 341
[Parent 19108, Gecko_IOThread] WARNING: pipe error: 109: file z:/task_1574352431/build/src/ipc/chromium/src/chrome/common/ipc_channel_win.cc, line 341
[Parent 19108, Gecko_IOThread] WARNING: pipe error: 109: file z:/task_1574352431/build/src/ipc/chromium/src/chrome/common/ipc_channel_win.cc, line 341
[Parent 19108, Gecko_IOThread] WARNING: pipe error: 109: file z:/task_1574352431/build/src/ipc/chromium/src/chrome/common/ipc_channel_win.cc, line 341
[Parent 19108, Gecko_IOThread] WARNING: pipe error: 109: file z:/task_1574352431/build/src/ipc/chromium/src/chrome/common/ipc_channel_win.cc, line 341
[Parent 19108, Gecko_IOThread] WARNING: pipe error: 109: file z:/task_1574352431/build/src/ipc/chromium/src/chrome/common/ipc_channel_win.cc, line 341
[Parent 19108, Gecko_IOThread] WARNING: pipe error: 109: file z:/task_1574352431/build/src/ipc/chromium/src/chrome/common/ipc_channel_win.cc, line 341
[Parent 19108, Gecko_IOThread] WARNING: pipe error: 109: file z:/task_1574352431/build/src/ipc/chromium/src/chrome/common/ipc_channel_win.cc, line 341
[Parent 19108, Gecko_IOThread] WARNING: pipe error: 109: file z:/task_1574352431/build/src/ipc/chromium/src/chrome/common/ipc_channel_win.cc, line 341
[Parent 19108, Gecko_IOThread] WARNING: pipe error: 109: file z:/task_1574352431/build/src/ipc/chromium/src/chrome/common/ipc_channel_win.cc, line 341
[Parent 19108, Gecko_IOThread] WARNING: pipe error: 109: file z:/task_1574352431/build/src/ipc/chromium/src/chrome/common/ipc_channel_win.cc, line 341
[Parent 19108, Gecko_IOThread] WARNING: pipe error: 109: file z:/task_1574352431/build/src/ipc/chromium/src/chrome/common/ipc_channel_win.cc, line 341
[Child 9100, Chrome_ChildThread] WARNING: pipe error: 109: file z:/task_1574352431/build/src/ipc/chromium/src/chrome/common/ipc_channel_win.cc, line 341
[Child 9100, Chrome_ChildThread] WARNING: pipe error: 109: file z:/task_1574352431/build/src/ipc/chromium/src/chrome/common/ipc_channel_win.cc, lIPDL protocol error: Handler returned error code!

###!!! [Parent][DispatchAsyncMessage] Error: PLayerTransaction::Msg_ReleaseLayer Processing error: message was deserialized, but the handler returned false (indicating failure)

[Parent 19108, Gecko_IOThread] WARNING: pipe error: 109: file z:/task_1574352431/build/src/ipc/chromium/src/chrome/common/ipc_channel_win.cc, line 341
[Parent 19108, Gecko_IOThread] WARNING: pipe error: 109: file z:/task_1574352431/build/src/ipc/chromium/src/chrome/common/ipc_channel_win.cc, line 341
[Child 12652, Chrome_ChildThread] WARNING: pipe error: 232: file z:/task_1574352431/build/src/ipc/chromium/src/chrome/common/ipc_channel_win.cc, line 502
[Child 12652, Chrome_ChildThread] WARNING: pipe error: 109: file z:/task_1574352431/build/src/ipc/chromium/src/chrome/common/ipc_channel_win.cc, line 341
[Child 12652, Chrome_ChildThread] WARNING: pipe error: 109: file z:/task_1574352431/build/src/ipc/chromium/src/chrome/common/ipc_channel_win.cc, line 341
[Parent 19108, Gecko_IOThread] WARNING: pipe error: 109: file z:/task_1574352431/build/src/ipc/chromium/src/chrome/common/ipc_channel_win.cc, line 341
[Child 18328, Chrome_ChildThread] WARNING: pipe error: 109: file z:/task_1574352431/build/src/ipc/chromium/src/chrome/common/ipc_channel_win.cc, line 341
[Child 1831574444864433	Marionette	INFO	Stopped listening on port 50795

###!!! [Child][RunMessage] Error: Channel closing: too late to send/recv, messages will be lost

[GPU 14696, C
###!!! [Child][MessageChannel::SendAndWait] Error: Channel error: cannot send/recv

